Log file open, 03/28/24 09:35:39
LogWindows: Failed to load 'aqProf.dll' (GetLastError=126)
LogWindows: File 'aqProf.dll' does not exist
LogWindows: Failed to load 'VtuneApi.dll' (GetLastError=126)
LogWindows: File 'VtuneApi.dll' does not exist
LogWindows: Failed to load 'VtuneApi32e.dll' (GetLastError=126)
LogWindows: File 'VtuneApi32e.dll' does not exist
LogConsoleResponse: Display: Failed to find resolution value strings in scalability ini. Falling back to default.
LogInit: Display: Running engine for game: Horrorgame
LogPlatformFile: Not using cached read wrapper
LogTaskGraph: Started task graph with 5 named threads and 47 total threads with 3 sets of task threads.
LogStats: Stats thread started at 0.092555
LogD3D11RHI: Loaded GFSDK_Aftermath_Lib.x64.dll
LogICUInternationalization: ICU TimeZone Detection - Raw Offset: +5:30, Platform Override: ''
LogPluginManager: Mounting plugin Paper2D
LogPluginManager: Mounting plugin AISupport
LogPluginManager: Mounting plugin LightPropagationVolume
LogPluginManager: Mounting plugin ActorLayerUtilities
LogPluginManager: Mounting plugin AnimationSharing
LogPluginManager: Mounting plugin CLionSourceCodeAccess
LogPluginManager: Mounting plugin CodeLiteSourceCodeAccess
LogPluginManager: Mounting plugin GitSourceControl
LogPluginManager: Mounting plugin KDevelopSourceCodeAccess
LogPluginManager: Mounting plugin NullSourceCodeAccess
LogPluginManager: Mounting plugin PerforceSourceControl
LogPluginManager: Mounting plugin PlasticSourceControl
LogPluginManager: Mounting plugin SubversionSourceControl
LogPluginManager: Mounting plugin UObjectPlugin
LogPluginManager: Mounting plugin VisualStudioCodeSourceCodeAccess
LogPluginManager: Mounting plugin VisualStudioSourceCodeAccess
LogPluginManager: Mounting plugin XCodeSourceCodeAccess
LogPluginManager: Mounting plugin AssetManagerEditor
LogPluginManager: Mounting plugin CryptoKeys
LogPluginManager: Mounting plugin CurveEditorTools
LogPluginManager: Mounting plugin DataValidation
LogPluginManager: Mounting plugin FacialAnimation
LogPluginManager: Mounting plugin GameplayTagsEditor
LogPluginManager: Mounting plugin MacGraphicsSwitching
LogPluginManager: Mounting plugin MaterialAnalyzer
LogPluginManager: Mounting plugin MobileLauncherProfileWizard
LogPluginManager: Mounting plugin PluginBrowser
LogPluginManager: Mounting plugin SpeedTreeImporter
LogPluginManager: Mounting plugin DatasmithContent
LogPluginManager: Mounting plugin VariantManagerContent
LogPluginManager: Mounting plugin AlembicImporter
LogPluginManager: Mounting plugin AutomationUtils
LogPluginManager: Mounting plugin BackChannel
LogPluginManager: Mounting plugin CharacterAI
LogPluginManager: Mounting plugin GeometryCache
LogPluginManager: Mounting plugin PlatformCrypto
LogPluginManager: Mounting plugin ProxyLODPlugin
LogPluginManager: Mounting plugin SkeletalReduction
LogPluginManager: Mounting plugin MagicLeap
LogPluginManager: Mounting plugin MagicLeapMedia
LogPluginManager: Mounting plugin MLSDK
LogPluginManager: Mounting plugin AndroidMedia
LogPluginManager: Mounting plugin AvfMedia
LogPluginManager: Mounting plugin ImgMedia
LogPluginManager: Mounting plugin MediaCompositing
LogPluginManager: Mounting plugin MediaPlayerEditor
LogPluginManager: Mounting plugin WebMMedia
LogPluginManager: Mounting plugin WmfMedia
LogPluginManager: Mounting plugin TcpMessaging
LogPluginManager: Mounting plugin UdpMessaging
LogPluginManager: Mounting plugin ActorSequence
LogPluginManager: Mounting plugin LevelSequenceEditor
LogPluginManager: Mounting plugin MatineeToLevelSequence
LogPluginManager: Mounting plugin NetcodeUnitTest
LogPluginManager: Mounting plugin NUTUnrealEngine4
LogPluginManager: Mounting plugin OnlineSubsystemGooglePlay
LogPluginManager: Mounting plugin OnlineSubsystemIOS
LogPluginManager: Mounting plugin OnlineSubsystem
LogPluginManager: Mounting plugin OnlineSubsystemNull
LogPluginManager: Mounting plugin OnlineSubsystemUtils
LogPluginManager: Mounting plugin LauncherChunkInstaller
LogPluginManager: Mounting plugin AndroidDeviceProfileSelector
LogPluginManager: Mounting plugin AndroidMoviePlayer
LogPluginManager: Mounting plugin AndroidPermission
LogPluginManager: Mounting plugin AppleImageUtils
LogPluginManager: Mounting plugin AppleMoviePlayer
LogPluginManager: Mounting plugin ArchVisCharacter
LogPluginManager: Mounting plugin AssetTags
LogPluginManager: Mounting plugin AudioCapture
LogPluginManager: Mounting plugin CableComponent
LogPluginManager: Mounting plugin CustomMeshComponent
LogPluginManager: Mounting plugin EditableMesh
LogPluginManager: Mounting plugin ExampleDeviceProfileSelector
LogPluginManager: Mounting plugin GoogleCloudMessaging
LogPluginManager: Mounting plugin IOSDeviceProfileSelector
LogPluginManager: Mounting plugin LinuxDeviceProfileSelector
LogPluginManager: Mounting plugin LocationServicesBPLibrary
LogPluginManager: Mounting plugin MobilePatchingUtils
LogPluginManager: Mounting plugin OculusVR
LogPluginManager: Mounting plugin PhysXVehicles
LogPluginManager: Mounting plugin PostSplashScreen
LogPluginManager: Mounting plugin ProceduralMeshComponent
LogPluginManager: Mounting plugin RuntimePhysXCooking
LogPluginManager: Mounting plugin SignificanceManager
LogPluginManager: Mounting plugin WebMMoviePlayer
LogPluginManager: Mounting plugin WindowsMoviePlayer
LogPluginManager: Mounting plugin ScreenshotTools
LogInit: Using libcurl 7.55.1-DEV
LogInit:  - built for x86_64-pc-win32
LogInit:  - supports SSL with OpenSSL/1.1.1
LogInit:  - supports HTTP deflate (compression) using libz 1.2.8
LogInit:  - other features:
LogInit:      CURL_VERSION_SSL
LogInit:      CURL_VERSION_LIBZ
LogInit:      CURL_VERSION_IPV6
LogInit:      CURL_VERSION_ASYNCHDNS
LogInit:      CURL_VERSION_LARGEFILE
LogInit:      CURL_VERSION_IDN
LogInit:  CurlRequestOptions (configurable via config and command line):
LogInit:  - bVerifyPeer = true  - Libcurl will verify peer certificate
LogInit:  - bUseHttpProxy = false  - Libcurl will NOT use HTTP proxy
LogInit:  - bDontReuseConnections = false  - Libcurl will reuse connections
LogInit:  - MaxHostConnections = 16  - Libcurl will limit the number of connections to a host
LogInit:  - LocalHostAddr = Default
LogInit:  - BufferSize = 65536
LogOnline: OSS: Creating online subsystem instance for: NULL
LogInit: WinSock: version 1.1 (2.2), MaxSocks=32767, MaxUdp=65467
LogOnline: OSS: TryLoadSubsystemAndSetDefault: Loaded subsystem for module [NULL]
LogInit: Build: ++UE4+Release-4.24-CL-11590370
LogInit: Engine Version: 4.24.3-11590370+++UE4+Release-4.24
LogInit: Compatible Engine Version: 4.24.0-10570792+++UE4+Release-4.24
LogInit: Net CL: 10570792
LogInit: OS: Windows 10 (Release 2009) (), CPU: AMD Ryzen 7 5800H with Radeon Graphics         , GPU: AMD Radeon(TM) Graphics
LogInit: Compiled (64-bit): Feb 24 2020 15:39:18
LogInit: Compiled with Visual C++: 19.16.27032.01
LogInit: Build Configuration: Development
LogInit: Branch Name: ++UE4+Release-4.24
LogInit: Command Line:  /Game/Maps/lvl1 -game -PIEVIACONSOLE -ResX=1910 -ResY=1046 -Multiprocess -messaging -SessionName="Play in Standalone Game" -windowed
LogInit: Base Directory: E:/ue4/UE_4.24/Engine/Binaries/Win64/
LogInit: Installed Engine Build: 1
LogDevObjectVersion: Number of dev versions registered: 25
LogDevObjectVersion:   Dev-Blueprints (B0D832E4-1F89-4F0D-ACCF-7EB736FD4AA2): 10
LogDevObjectVersion:   Dev-Build (E1C64328-A22C-4D53-A36C-8E866417BD8C): 0
LogDevObjectVersion:   Dev-Core (375EC13C-06E4-48FB-B500-84F0262A717E): 3
LogDevObjectVersion:   Dev-Editor (E4B068ED-F494-42E9-A231-DA0B2E46BB41): 37
LogDevObjectVersion:   Dev-Framework (CFFC743F-43B0-4480-9391-14DF171D2073): 36
LogDevObjectVersion:   Dev-Mobile (B02B49B5-BB20-44E9-A304-32B752E40360): 2
LogDevObjectVersion:   Dev-Networking (A4E4105C-59A1-49B5-A7C5-40C4547EDFEE): 0
LogDevObjectVersion:   Dev-Online (39C831C9-5AE6-47DC-9A44-9C173E1C8E7C): 0
LogDevObjectVersion:   Dev-Physics (78F01B33-EBEA-4F98-B9B4-84EACCB95AA2): 2
LogDevObjectVersion:   Dev-Platform (6631380F-2D4D-43E0-8009-CF276956A95A): 0
LogDevObjectVersion:   Dev-Rendering (12F88B9F-8875-4AFC-A67C-D90C383ABD29): 36
LogDevObjectVersion:   Dev-Sequencer (7B5AE74C-D270-4C10-A958-57980B212A5A): 11
LogDevObjectVersion:   Dev-VR (D7296918-1DD6-4BDD-9DE2-64A83CC13884): 2
LogDevObjectVersion:   Dev-LoadTimes (C2A15278-BFE7-4AFE-6C17-90FF531DF755): 1
LogDevObjectVersion:   Private-Geometry (6EACA3D4-40EC-4CC1-B786-8BED09428FC5): 3
LogDevObjectVersion:   Dev-AnimPhys (29E575DD-E0A3-4627-9D10-D276232CDCEA): 17
LogDevObjectVersion:   Dev-Anim (AF43A65D-7FD3-4947-9873-3E8ED9C1BB05): 2
LogDevObjectVersion:   Dev-ReflectionCapture (6B266CEC-1EC7-4B8F-A30B-E4D90942FC07): 1
LogDevObjectVersion:   Dev-Automation (0DF73D61-A23F-47EA-B727-89E90C41499A): 1
LogDevObjectVersion:   FortniteMain (601D1886-AC64-4F84-AA16-D3DE0DEAC7D6): 31
LogDevObjectVersion:   Dev-Enterprise (9DFFBCD6-494F-0158-E221-12823C92A888): 8
LogDevObjectVersion:   Dev-Niagara (F2AED0AC-9AFE-416F-8664-AA7FFA26D6FC): 1
LogDevObjectVersion:   Dev-Destruction (174F1F0B-B4C6-45A5-B13F-2EE8D0FB917D): 9
LogDevObjectVersion:   Dev-Physics-Ext (35F94A83-E258-406C-A318-09F59610247C): 8
LogDevObjectVersion:   Dev-CineCamera (B2E18506-4273-CFC2-A54E-F4BB758BBA07): 1
LogInit: Presizing for max 25165824 objects, including 0 objects not considered by GC, pre-allocating 0 bytes for permanent pool.
LogInit: Object subsystem initialized
LogConfig: Setting CVar [[con.DebugEarlyDefault:1]]
LogConfig: Setting CVar [[r.setres:1280x720]]
[2024.03.28-04.05.39:221][  0]LogConfig: Setting CVar [[con.DebugEarlyDefault:1]]
[2024.03.28-04.05.39:221][  0]LogConfig: Setting CVar [[r.setres:1280x720]]
[2024.03.28-04.05.39:221][  0]LogConfig: Applying CVar settings from Section [/Script/Engine.RendererSettings] File [E:/unreal/game/Horrorgame/Saved/Config/Windows/Engine.ini]
[2024.03.28-04.05.39:221][  0]LogConfig: Setting CVar [[r.GPUCrashDebugging:0]]
[2024.03.28-04.05.39:221][  0]LogConfig: Applying CVar settings from Section [/Script/Engine.RendererOverrideSettings] File [E:/unreal/game/Horrorgame/Saved/Config/Windows/Engine.ini]
[2024.03.28-04.05.39:221][  0]LogConfig: Applying CVar settings from Section [/Script/Engine.StreamingSettings] File [E:/unreal/game/Horrorgame/Saved/Config/Windows/Engine.ini]
[2024.03.28-04.05.39:221][  0]LogConfig: Setting CVar [[s.MinBulkDataSizeForAsyncLoading:131072]]
[2024.03.28-04.05.39:221][  0]LogConfig: Setting CVar [[s.AsyncLoadingThreadEnabled:0]]
[2024.03.28-04.05.39:221][  0]LogConfig: Setting CVar [[s.EventDrivenLoaderEnabled:1]]
[2024.03.28-04.05.39:221][  0]LogConfig: Setting CVar [[s.WarnIfTimeLimitExceeded:0]]
[2024.03.28-04.05.39:221][  0]LogConfig: Setting CVar [[s.TimeLimitExceededMultiplier:1.5]]
[2024.03.28-04.05.39:221][  0]LogConfig: Setting CVar [[s.TimeLimitExceededMinTime:0.005]]
[2024.03.28-04.05.39:221][  0]LogConfig: Setting CVar [[s.UseBackgroundLevelStreaming:1]]
[2024.03.28-04.05.39:221][  0]LogConfig: Setting CVar [[s.PriorityAsyncLoadingExtraTime:15.0]]
[2024.03.28-04.05.39:222][  0]LogConfig: Setting CVar [[s.LevelStreamingActorsUpdateTimeLimit:5.0]]
[2024.03.28-04.05.39:222][  0]LogConfig: Setting CVar [[s.PriorityLevelStreamingActorsUpdateExtraTime:5.0]]
[2024.03.28-04.05.39:222][  0]LogConfig: Setting CVar [[s.LevelStreamingComponentsRegistrationGranularity:10]]
[2024.03.28-04.05.39:222][  0]LogConfig: Setting CVar [[s.UnregisterComponentsTimeLimit:1.0]]
[2024.03.28-04.05.39:222][  0]LogConfig: Setting CVar [[s.LevelStreamingComponentsUnregistrationGranularity:5]]
[2024.03.28-04.05.39:222][  0]LogConfig: Setting CVar [[s.FlushStreamingOnExit:1]]
[2024.03.28-04.05.39:222][  0]LogConfig: Applying CVar settings from Section [/Script/Engine.GarbageCollectionSettings] File [E:/unreal/game/Horrorgame/Saved/Config/Windows/Engine.ini]
[2024.03.28-04.05.39:222][  0]LogConfig: Setting CVar [[gc.MaxObjectsNotConsideredByGC:1]]
[2024.03.28-04.05.39:222][  0]LogConfig: Setting CVar [[gc.SizeOfPermanentObjectPool:0]]
[2024.03.28-04.05.39:222][  0]LogConfig: Setting CVar [[gc.FlushStreamingOnGC:0]]
[2024.03.28-04.05.39:222][  0]LogConfig: Setting CVar [[gc.NumRetriesBeforeForcingGC:10]]
[2024.03.28-04.05.39:222][  0]LogConfig: Setting CVar [[gc.AllowParallelGC:1]]
[2024.03.28-04.05.39:222][  0]LogConfig: Setting CVar [[gc.TimeBetweenPurgingPendingKillObjects:61.1]]
[2024.03.28-04.05.39:222][  0]LogConfig: Setting CVar [[gc.MaxObjectsInEditor:25165824]]
[2024.03.28-04.05.39:222][  0]LogConfig: Setting CVar [[gc.IncrementalBeginDestroyEnabled:1]]
[2024.03.28-04.05.39:222][  0]LogConfig: Setting CVar [[gc.CreateGCClusters:1]]
[2024.03.28-04.05.39:222][  0]LogConfig: Setting CVar [[gc.MinGCClusterSize:5]]
[2024.03.28-04.05.39:222][  0]LogConfig: Setting CVar [[gc.ActorClusteringEnabled:0]]
[2024.03.28-04.05.39:222][  0]LogConfig: Setting CVar [[gc.BlueprintClusteringEnabled:0]]
[2024.03.28-04.05.39:222][  0]LogConfig: Setting CVar [[gc.UseDisregardForGCOnDedicatedServers:0]]
[2024.03.28-04.05.39:222][  0]LogConfig: Applying CVar settings from Section [/Script/Engine.NetworkSettings] File [E:/unreal/game/Horrorgame/Saved/Config/Windows/Engine.ini]
[2024.03.28-04.05.39:222][  0]LogConfig: Applying CVar settings from Section [/Script/UnrealEd.CookerSettings] File [E:/unreal/game/Horrorgame/Saved/Config/Windows/Engine.ini]
[2024.03.28-04.05.39:225][  0]LogConfig: Applying CVar settings from Section [ViewDistanceQuality@3] File [E:/unreal/game/Horrorgame/Saved/Config/Windows/Scalability.ini]
[2024.03.28-04.05.39:225][  0]LogConfig: Setting CVar [[r.SkeletalMeshLODBias:0]]
[2024.03.28-04.05.39:225][  0]LogConfig: Setting CVar [[r.ViewDistanceScale:1.0]]
[2024.03.28-04.05.39:225][  0]LogConfig: Applying CVar settings from Section [AntiAliasingQuality@3] File [E:/unreal/game/Horrorgame/Saved/Config/Windows/Scalability.ini]
[2024.03.28-04.05.39:225][  0]LogConfig: Setting CVar [[r.PostProcessAAQuality:4]]
[2024.03.28-04.05.39:225][  0]LogConfig: Applying CVar settings from Section [ShadowQuality@3] File [E:/unreal/game/Horrorgame/Saved/Config/Windows/Scalability.ini]
[2024.03.28-04.05.39:225][  0]LogConfig: Setting CVar [[r.LightFunctionQuality:1]]
[2024.03.28-04.05.39:225][  0]LogConfig: Setting CVar [[r.ShadowQuality:5]]
[2024.03.28-04.05.39:225][  0]LogConfig: Setting CVar [[r.Shadow.CSM.MaxCascades:10]]
[2024.03.28-04.05.39:225][  0]LogConfig: Setting CVar [[r.Shadow.MaxResolution:2048]]
[2024.03.28-04.05.39:225][  0]LogConfig: Setting CVar [[r.Shadow.MaxCSMResolution:2048]]
[2024.03.28-04.05.39:225][  0]LogConfig: Setting CVar [[r.Shadow.RadiusThreshold:0.01]]
[2024.03.28-04.05.39:225][  0]LogConfig: Setting CVar [[r.Shadow.DistanceScale:1.0]]
[2024.03.28-04.05.39:225][  0]LogConfig: Setting CVar [[r.Shadow.CSM.TransitionScale:1.0]]
[2024.03.28-04.05.39:225][  0]LogConfig: Setting CVar [[r.Shadow.PreShadowResolutionFactor:1.0]]
[2024.03.28-04.05.39:225][  0]LogConfig: Setting CVar [[r.DistanceFieldShadowing:1]]
[2024.03.28-04.05.39:225][  0]LogConfig: Setting CVar [[r.DistanceFieldAO:1]]
[2024.03.28-04.05.39:225][  0]LogConfig: Setting CVar [[r.AOQuality:2]]
[2024.03.28-04.05.39:225][  0]LogConfig: Setting CVar [[r.VolumetricFog:1]]
[2024.03.28-04.05.39:225][  0]LogConfig: Setting CVar [[r.VolumetricFog.GridPixelSize:8]]
[2024.03.28-04.05.39:225][  0]LogConfig: Setting CVar [[r.VolumetricFog.GridSizeZ:128]]
[2024.03.28-04.05.39:225][  0]LogConfig: Setting CVar [[r.VolumetricFog.HistoryMissSupersampleCount:4]]
[2024.03.28-04.05.39:225][  0]LogConfig: Setting CVar [[r.LightMaxDrawDistanceScale:1]]
[2024.03.28-04.05.39:225][  0]LogConfig: Setting CVar [[r.CapsuleShadows:1]]
[2024.03.28-04.05.39:225][  0]LogConfig: Applying CVar settings from Section [PostProcessQuality@3] File [E:/unreal/game/Horrorgame/Saved/Config/Windows/Scalability.ini]
[2024.03.28-04.05.39:225][  0]LogConfig: Setting CVar [[r.MotionBlurQuality:4]]
[2024.03.28-04.05.39:225][  0]LogConfig: Setting CVar [[r.AmbientOcclusionMipLevelFactor:0.4]]
[2024.03.28-04.05.39:225][  0]LogConfig: Setting CVar [[r.AmbientOcclusionMaxQuality:100]]
[2024.03.28-04.05.39:225][  0]LogConfig: Setting CVar [[r.AmbientOcclusionLevels:-1]]
[2024.03.28-04.05.39:225][  0]LogConfig: Setting CVar [[r.AmbientOcclusionRadiusScale:1.0]]
[2024.03.28-04.05.39:225][  0]LogConfig: Setting CVar [[r.DepthOfFieldQuality:2]]
[2024.03.28-04.05.39:225][  0]LogConfig: Setting CVar [[r.RenderTargetPoolMin:400]]
[2024.03.28-04.05.39:225][  0]LogConfig: Setting CVar [[r.LensFlareQuality:2]]
[2024.03.28-04.05.39:225][  0]LogConfig: Setting CVar [[r.SceneColorFringeQuality:1]]
[2024.03.28-04.05.39:225][  0]LogConfig: Setting CVar [[r.EyeAdaptationQuality:2]]
[2024.03.28-04.05.39:225][  0]LogConfig: Setting CVar [[r.BloomQuality:5]]
[2024.03.28-04.05.39:225][  0]LogConfig: Setting CVar [[r.FastBlurThreshold:100]]
[2024.03.28-04.05.39:225][  0]LogConfig: Setting CVar [[r.Upscale.Quality:3]]
[2024.03.28-04.05.39:225][  0]LogConfig: Setting CVar [[r.Tonemapper.GrainQuantization:1]]
[2024.03.28-04.05.39:225][  0]LogConfig: Setting CVar [[r.LightShaftQuality:1]]
[2024.03.28-04.05.39:225][  0]LogConfig: Setting CVar [[r.Filter.SizeScale:1]]
[2024.03.28-04.05.39:225][  0]LogConfig: Setting CVar [[r.Tonemapper.Quality:5]]
[2024.03.28-04.05.39:225][  0]LogConfig: Setting CVar [[r.DOF.Gather.AccumulatorQuality:1        ; higher gathering accumulator quality]]
[2024.03.28-04.05.39:225][  0]LogConfig: Setting CVar [[r.DOF.Gather.PostfilterMethod:1          ; Median3x3 postfilering method]]
[2024.03.28-04.05.39:225][  0]LogConfig: Setting CVar [[r.DOF.Gather.EnableBokehSettings:0       ; no bokeh simulation when gathering]]
[2024.03.28-04.05.39:225][  0]LogConfig: Setting CVar [[r.DOF.Gather.RingCount:4                 ; medium number of samples when gathering]]
[2024.03.28-04.05.39:225][  0]LogConfig: Setting CVar [[r.DOF.Scatter.ForegroundCompositing:1    ; additive foreground scattering]]
[2024.03.28-04.05.39:225][  0]LogConfig: Setting CVar [[r.DOF.Scatter.BackgroundCompositing:2    ; additive background scattering]]
[2024.03.28-04.05.39:225][  0]LogConfig: Setting CVar [[r.DOF.Scatter.EnableBokehSettings:1      ; bokeh simulation when scattering]]
[2024.03.28-04.05.39:225][  0]LogConfig: Setting CVar [[r.DOF.Scatter.MaxSpriteRatio:0.1         ; only a maximum of 10% of scattered bokeh]]
[2024.03.28-04.05.39:225][  0]LogConfig: Setting CVar [[r.DOF.Recombine.Quality:1                ; cheap slight out of focus]]
[2024.03.28-04.05.39:225][  0]LogConfig: Setting CVar [[r.DOF.Recombine.EnableBokehSettings:0    ; no bokeh simulation on slight out of focus]]
[2024.03.28-04.05.39:225][  0]LogConfig: Setting CVar [[r.DOF.TemporalAAQuality:1                ; more stable temporal accumulation]]
[2024.03.28-04.05.39:225][  0]LogConfig: Setting CVar [[r.DOF.Kernel.MaxForegroundRadius:0.025]]
[2024.03.28-04.05.39:225][  0]LogConfig: Setting CVar [[r.DOF.Kernel.MaxBackgroundRadius:0.025]]
[2024.03.28-04.05.39:226][  0]LogConfig: Applying CVar settings from Section [TextureQuality@3] File [E:/unreal/game/Horrorgame/Saved/Config/Windows/Scalability.ini]
[2024.03.28-04.05.39:226][  0]LogConfig: Setting CVar [[r.Streaming.MipBias:0]]
[2024.03.28-04.05.39:226][  0]LogConfig: Setting CVar [[r.Streaming.AmortizeCPUToGPUCopy:0]]
[2024.03.28-04.05.39:226][  0]LogConfig: Setting CVar [[r.Streaming.MaxNumTexturesToStreamPerFrame:0]]
[2024.03.28-04.05.39:226][  0]LogConfig: Setting CVar [[r.Streaming.Boost:1]]
[2024.03.28-04.05.39:226][  0]LogConfig: Setting CVar [[r.MaxAnisotropy:8]]
[2024.03.28-04.05.39:226][  0]LogConfig: Setting CVar [[r.VT.MaxAnisotropy:8]]
[2024.03.28-04.05.39:226][  0]LogConfig: Setting CVar [[r.Streaming.LimitPoolSizeToVRAM:0]]
[2024.03.28-04.05.39:226][  0]LogConfig: Setting CVar [[r.Streaming.PoolSize:1000]]
[2024.03.28-04.05.39:226][  0]LogConfig: Setting CVar [[r.Streaming.MaxEffectiveScreenSize:0]]
[2024.03.28-04.05.39:226][  0]LogConfig: Applying CVar settings from Section [EffectsQuality@3] File [E:/unreal/game/Horrorgame/Saved/Config/Windows/Scalability.ini]
[2024.03.28-04.05.39:226][  0]LogConfig: Setting CVar [[r.TranslucencyLightingVolumeDim:64]]
[2024.03.28-04.05.39:226][  0]LogConfig: Setting CVar [[r.RefractionQuality:2]]
[2024.03.28-04.05.39:226][  0]LogConfig: Setting CVar [[r.SSR.Quality:3]]
[2024.03.28-04.05.39:226][  0]LogConfig: Setting CVar [[r.SSR.HalfResSceneColor:0]]
[2024.03.28-04.05.39:226][  0]LogConfig: Setting CVar [[r.SceneColorFormat:4]]
[2024.03.28-04.05.39:226][  0]LogConfig: Setting CVar [[r.DetailMode:2]]
[2024.03.28-04.05.39:226][  0]LogConfig: Setting CVar [[r.TranslucencyVolumeBlur:1]]
[2024.03.28-04.05.39:226][  0]LogConfig: Setting CVar [[r.MaterialQualityLevel:1 ; High quality]]
[2024.03.28-04.05.39:226][  0]LogConfig: Setting CVar [[r.SSS.Scale:1]]
[2024.03.28-04.05.39:226][  0]LogConfig: Setting CVar [[r.SSS.SampleSet:2]]
[2024.03.28-04.05.39:226][  0]LogConfig: Setting CVar [[r.SSS.Quality:1]]
[2024.03.28-04.05.39:226][  0]LogConfig: Setting CVar [[r.SSS.HalfRes:1]]
[2024.03.28-04.05.39:226][  0]LogConfig: Setting CVar [[r.SSGI.Quality:3]]
[2024.03.28-04.05.39:226][  0]LogConfig: Setting CVar [[r.EmitterSpawnRateScale:1.0]]
[2024.03.28-04.05.39:226][  0]LogConfig: Setting CVar [[r.ParticleLightQuality:2]]
[2024.03.28-04.05.39:226][  0]LogConfig: Setting CVar [[r.SkyAtmosphere.AerialPerspectiveLUT.FastApplyOnOpaque:1 ; Always have FastSkyLUT 1 in this case to avoid wrong sky]]
[2024.03.28-04.05.39:226][  0]LogConfig: Setting CVar [[r.SkyAtmosphere.AerialPerspectiveLUT.SampleCountPerSlice:1]]
[2024.03.28-04.05.39:226][  0]LogConfig: Setting CVar [[r.SkyAtmosphere.AerialPerspectiveLUT.DepthResolution:16.0]]
[2024.03.28-04.05.39:226][  0]LogConfig: Setting CVar [[r.SkyAtmosphere.FastSkyLUT:1]]
[2024.03.28-04.05.39:226][  0]LogConfig: Setting CVar [[r.SkyAtmosphere.FastSkyLUT.SampleCountMin:4.0]]
[2024.03.28-04.05.39:226][  0]LogConfig: Setting CVar [[r.SkyAtmosphere.FastSkyLUT.SampleCountMax:32.0]]
[2024.03.28-04.05.39:226][  0]LogConfig: Setting CVar [[r.SkyAtmosphere.SampleCountMin:4.0]]
[2024.03.28-04.05.39:226][  0]LogConfig: Setting CVar [[r.SkyAtmosphere.SampleCountMax:32.0]]
[2024.03.28-04.05.39:226][  0]LogConfig: Setting CVar [[r.SkyAtmosphere.TransmittanceLUT.UseSmallFormat:0]]
[2024.03.28-04.05.39:226][  0]LogConfig: Setting CVar [[r.SkyAtmosphere.TransmittanceLUT.SampleCount:10.0]]
[2024.03.28-04.05.39:226][  0]LogConfig: Setting CVar [[r.SkyAtmosphere.MultiScatteringLUT.SampleCount:15.0]]
[2024.03.28-04.05.39:226][  0]LogConfig: Applying CVar settings from Section [FoliageQuality@3] File [E:/unreal/game/Horrorgame/Saved/Config/Windows/Scalability.ini]
[2024.03.28-04.05.39:226][  0]LogConfig: Setting CVar [[foliage.DensityScale:1.0]]
[2024.03.28-04.05.39:226][  0]LogConfig: Setting CVar [[grass.DensityScale:1.0]]
[2024.03.28-04.05.39:226][  0]LogConfig: Applying CVar settings from Section [ShadingQuality@3] File [E:/unreal/game/Horrorgame/Saved/Config/Windows/Scalability.ini]
[2024.03.28-04.05.39:226][  0]LogConfig: Setting CVar [[r.HairStrands.SkyLighting.SampleCount:16]]
[2024.03.28-04.05.39:226][  0]LogConfig: Setting CVar [[r.HairStrands.SkyLighting.JitterIntegration:0]]
[2024.03.28-04.05.39:226][  0]LogConfig: Setting CVar [[r.HairStrands.SkyAO.SampleCount:16]]
[2024.03.28-04.05.39:226][  0]LogInit: Selected Device Profile: [Windows]
[2024.03.28-04.05.39:226][  0]LogInit: Applying CVar settings loaded from the selected device profile: [Windows]
[2024.03.28-04.05.39:229][  0]LogHAL: Display: Platform has ~ 16 GB [16539615232 / 17179869184 / 16], which maps to Larger [LargestMinGB=32, LargerMinGB=12, DefaultMinGB=8, SmallerMinGB=6, SmallestMinGB=0)
[2024.03.28-04.05.39:229][  0]LogInit: Going up to parent DeviceProfile []
[2024.03.28-04.05.39:229][  0]LogConfig: Applying CVar settings from Section [ViewDistanceQuality@3] File [E:/unreal/game/Horrorgame/Saved/Config/Windows/Scalability.ini]
[2024.03.28-04.05.39:229][  0]LogConfig: Setting CVar [[r.SkeletalMeshLODBias:0]]
[2024.03.28-04.05.39:229][  0]LogConfig: Setting CVar [[r.ViewDistanceScale:1.0]]
[2024.03.28-04.05.39:229][  0]LogConfig: Applying CVar settings from Section [AntiAliasingQuality@3] File [E:/unreal/game/Horrorgame/Saved/Config/Windows/Scalability.ini]
[2024.03.28-04.05.39:229][  0]LogConfig: Setting CVar [[r.PostProcessAAQuality:4]]
[2024.03.28-04.05.39:229][  0]LogConfig: Applying CVar settings from Section [ShadowQuality@3] File [E:/unreal/game/Horrorgame/Saved/Config/Windows/Scalability.ini]
[2024.03.28-04.05.39:229][  0]LogConfig: Setting CVar [[r.LightFunctionQuality:1]]
[2024.03.28-04.05.39:229][  0]LogConfig: Setting CVar [[r.ShadowQuality:5]]
[2024.03.28-04.05.39:229][  0]LogConfig: Setting CVar [[r.Shadow.CSM.MaxCascades:10]]
[2024.03.28-04.05.39:229][  0]LogConfig: Setting CVar [[r.Shadow.MaxResolution:2048]]
[2024.03.28-04.05.39:229][  0]LogConfig: Setting CVar [[r.Shadow.MaxCSMResolution:2048]]
[2024.03.28-04.05.39:229][  0]LogConfig: Setting CVar [[r.Shadow.RadiusThreshold:0.01]]
[2024.03.28-04.05.39:229][  0]LogConfig: Setting CVar [[r.Shadow.DistanceScale:1.0]]
[2024.03.28-04.05.39:229][  0]LogConfig: Setting CVar [[r.Shadow.CSM.TransitionScale:1.0]]
[2024.03.28-04.05.39:229][  0]LogConfig: Setting CVar [[r.Shadow.PreShadowResolutionFactor:1.0]]
[2024.03.28-04.05.39:229][  0]LogConfig: Setting CVar [[r.DistanceFieldShadowing:1]]
[2024.03.28-04.05.39:229][  0]LogConfig: Setting CVar [[r.DistanceFieldAO:1]]
[2024.03.28-04.05.39:229][  0]LogConfig: Setting CVar [[r.AOQuality:2]]
[2024.03.28-04.05.39:229][  0]LogConfig: Setting CVar [[r.VolumetricFog:1]]
[2024.03.28-04.05.39:229][  0]LogConfig: Setting CVar [[r.VolumetricFog.GridPixelSize:8]]
[2024.03.28-04.05.39:229][  0]LogConfig: Setting CVar [[r.VolumetricFog.GridSizeZ:128]]
[2024.03.28-04.05.39:229][  0]LogConfig: Setting CVar [[r.VolumetricFog.HistoryMissSupersampleCount:4]]
[2024.03.28-04.05.39:229][  0]LogConfig: Setting CVar [[r.LightMaxDrawDistanceScale:1]]
[2024.03.28-04.05.39:229][  0]LogConfig: Setting CVar [[r.CapsuleShadows:1]]
[2024.03.28-04.05.39:229][  0]LogConfig: Applying CVar settings from Section [PostProcessQuality@3] File [E:/unreal/game/Horrorgame/Saved/Config/Windows/Scalability.ini]
[2024.03.28-04.05.39:229][  0]LogConfig: Setting CVar [[r.MotionBlurQuality:4]]
[2024.03.28-04.05.39:229][  0]LogConfig: Setting CVar [[r.AmbientOcclusionMipLevelFactor:0.4]]
[2024.03.28-04.05.39:229][  0]LogConfig: Setting CVar [[r.AmbientOcclusionMaxQuality:100]]
[2024.03.28-04.05.39:229][  0]LogConfig: Setting CVar [[r.AmbientOcclusionLevels:-1]]
[2024.03.28-04.05.39:229][  0]LogConfig: Setting CVar [[r.AmbientOcclusionRadiusScale:1.0]]
[2024.03.28-04.05.39:229][  0]LogConfig: Setting CVar [[r.DepthOfFieldQuality:2]]
[2024.03.28-04.05.39:229][  0]LogConfig: Setting CVar [[r.RenderTargetPoolMin:400]]
[2024.03.28-04.05.39:229][  0]LogConfig: Setting CVar [[r.LensFlareQuality:2]]
[2024.03.28-04.05.39:229][  0]LogConfig: Setting CVar [[r.SceneColorFringeQuality:1]]
[2024.03.28-04.05.39:229][  0]LogConfig: Setting CVar [[r.EyeAdaptationQuality:2]]
[2024.03.28-04.05.39:229][  0]LogConfig: Setting CVar [[r.BloomQuality:5]]
[2024.03.28-04.05.39:230][  0]LogConfig: Setting CVar [[r.FastBlurThreshold:100]]
[2024.03.28-04.05.39:230][  0]LogConfig: Setting CVar [[r.Upscale.Quality:3]]
[2024.03.28-04.05.39:230][  0]LogConfig: Setting CVar [[r.Tonemapper.GrainQuantization:1]]
[2024.03.28-04.05.39:230][  0]LogConfig: Setting CVar [[r.LightShaftQuality:1]]
[2024.03.28-04.05.39:230][  0]LogConfig: Setting CVar [[r.Filter.SizeScale:1]]
[2024.03.28-04.05.39:230][  0]LogConfig: Setting CVar [[r.Tonemapper.Quality:5]]
[2024.03.28-04.05.39:230][  0]LogConfig: Setting CVar [[r.DOF.Gather.AccumulatorQuality:1        ; higher gathering accumulator quality]]
[2024.03.28-04.05.39:230][  0]LogConfig: Setting CVar [[r.DOF.Gather.PostfilterMethod:1          ; Median3x3 postfilering method]]
[2024.03.28-04.05.39:230][  0]LogConfig: Setting CVar [[r.DOF.Gather.EnableBokehSettings:0       ; no bokeh simulation when gathering]]
[2024.03.28-04.05.39:230][  0]LogConfig: Setting CVar [[r.DOF.Gather.RingCount:4                 ; medium number of samples when gathering]]
[2024.03.28-04.05.39:230][  0]LogConfig: Setting CVar [[r.DOF.Scatter.ForegroundCompositing:1    ; additive foreground scattering]]
[2024.03.28-04.05.39:230][  0]LogConfig: Setting CVar [[r.DOF.Scatter.BackgroundCompositing:2    ; additive background scattering]]
[2024.03.28-04.05.39:230][  0]LogConfig: Setting CVar [[r.DOF.Scatter.EnableBokehSettings:1      ; bokeh simulation when scattering]]
[2024.03.28-04.05.39:230][  0]LogConfig: Setting CVar [[r.DOF.Scatter.MaxSpriteRatio:0.1         ; only a maximum of 10% of scattered bokeh]]
[2024.03.28-04.05.39:230][  0]LogConfig: Setting CVar [[r.DOF.Recombine.Quality:1                ; cheap slight out of focus]]
[2024.03.28-04.05.39:230][  0]LogConfig: Setting CVar [[r.DOF.Recombine.EnableBokehSettings:0    ; no bokeh simulation on slight out of focus]]
[2024.03.28-04.05.39:230][  0]LogConfig: Setting CVar [[r.DOF.TemporalAAQuality:1                ; more stable temporal accumulation]]
[2024.03.28-04.05.39:230][  0]LogConfig: Setting CVar [[r.DOF.Kernel.MaxForegroundRadius:0.025]]
[2024.03.28-04.05.39:230][  0]LogConfig: Setting CVar [[r.DOF.Kernel.MaxBackgroundRadius:0.025]]
[2024.03.28-04.05.39:230][  0]LogConfig: Applying CVar settings from Section [TextureQuality@3] File [E:/unreal/game/Horrorgame/Saved/Config/Windows/Scalability.ini]
[2024.03.28-04.05.39:230][  0]LogConfig: Setting CVar [[r.Streaming.MipBias:0]]
[2024.03.28-04.05.39:230][  0]LogConfig: Setting CVar [[r.Streaming.AmortizeCPUToGPUCopy:0]]
[2024.03.28-04.05.39:230][  0]LogConfig: Setting CVar [[r.Streaming.MaxNumTexturesToStreamPerFrame:0]]
[2024.03.28-04.05.39:230][  0]LogConfig: Setting CVar [[r.Streaming.Boost:1]]
[2024.03.28-04.05.39:230][  0]LogConfig: Setting CVar [[r.MaxAnisotropy:8]]
[2024.03.28-04.05.39:230][  0]LogConfig: Setting CVar [[r.VT.MaxAnisotropy:8]]
[2024.03.28-04.05.39:230][  0]LogConfig: Setting CVar [[r.Streaming.LimitPoolSizeToVRAM:0]]
[2024.03.28-04.05.39:230][  0]LogConfig: Setting CVar [[r.Streaming.PoolSize:1000]]
[2024.03.28-04.05.39:230][  0]LogConfig: Setting CVar [[r.Streaming.MaxEffectiveScreenSize:0]]
[2024.03.28-04.05.39:230][  0]LogConfig: Applying CVar settings from Section [EffectsQuality@3] File [E:/unreal/game/Horrorgame/Saved/Config/Windows/Scalability.ini]
[2024.03.28-04.05.39:230][  0]LogConfig: Setting CVar [[r.TranslucencyLightingVolumeDim:64]]
[2024.03.28-04.05.39:230][  0]LogConfig: Setting CVar [[r.RefractionQuality:2]]
[2024.03.28-04.05.39:230][  0]LogConfig: Setting CVar [[r.SSR.Quality:3]]
[2024.03.28-04.05.39:230][  0]LogConfig: Setting CVar [[r.SSR.HalfResSceneColor:0]]
[2024.03.28-04.05.39:230][  0]LogConfig: Setting CVar [[r.SceneColorFormat:4]]
[2024.03.28-04.05.39:230][  0]LogConfig: Setting CVar [[r.DetailMode:2]]
[2024.03.28-04.05.39:230][  0]LogConfig: Setting CVar [[r.TranslucencyVolumeBlur:1]]
[2024.03.28-04.05.39:230][  0]LogConfig: Setting CVar [[r.MaterialQualityLevel:1 ; High quality]]
[2024.03.28-04.05.39:230][  0]LogConfig: Setting CVar [[r.SSS.Scale:1]]
[2024.03.28-04.05.39:230][  0]LogConfig: Setting CVar [[r.SSS.SampleSet:2]]
[2024.03.28-04.05.39:230][  0]LogConfig: Setting CVar [[r.SSS.Quality:1]]
[2024.03.28-04.05.39:230][  0]LogConfig: Setting CVar [[r.SSS.HalfRes:1]]
[2024.03.28-04.05.39:230][  0]LogConfig: Setting CVar [[r.SSGI.Quality:3]]
[2024.03.28-04.05.39:230][  0]LogConfig: Setting CVar [[r.EmitterSpawnRateScale:1.0]]
[2024.03.28-04.05.39:230][  0]LogConfig: Setting CVar [[r.ParticleLightQuality:2]]
[2024.03.28-04.05.39:230][  0]LogConfig: Setting CVar [[r.SkyAtmosphere.AerialPerspectiveLUT.FastApplyOnOpaque:1 ; Always have FastSkyLUT 1 in this case to avoid wrong sky]]
[2024.03.28-04.05.39:230][  0]LogConfig: Setting CVar [[r.SkyAtmosphere.AerialPerspectiveLUT.SampleCountPerSlice:1]]
[2024.03.28-04.05.39:230][  0]LogConfig: Setting CVar [[r.SkyAtmosphere.AerialPerspectiveLUT.DepthResolution:16.0]]
[2024.03.28-04.05.39:230][  0]LogConfig: Setting CVar [[r.SkyAtmosphere.FastSkyLUT:1]]
[2024.03.28-04.05.39:230][  0]LogConfig: Setting CVar [[r.SkyAtmosphere.FastSkyLUT.SampleCountMin:4.0]]
[2024.03.28-04.05.39:230][  0]LogConfig: Setting CVar [[r.SkyAtmosphere.FastSkyLUT.SampleCountMax:32.0]]
[2024.03.28-04.05.39:230][  0]LogConfig: Setting CVar [[r.SkyAtmosphere.SampleCountMin:4.0]]
[2024.03.28-04.05.39:230][  0]LogConfig: Setting CVar [[r.SkyAtmosphere.SampleCountMax:32.0]]
[2024.03.28-04.05.39:230][  0]LogConfig: Setting CVar [[r.SkyAtmosphere.TransmittanceLUT.UseSmallFormat:0]]
[2024.03.28-04.05.39:230][  0]LogConfig: Setting CVar [[r.SkyAtmosphere.TransmittanceLUT.SampleCount:10.0]]
[2024.03.28-04.05.39:230][  0]LogConfig: Setting CVar [[r.SkyAtmosphere.MultiScatteringLUT.SampleCount:15.0]]
[2024.03.28-04.05.39:230][  0]LogConfig: Applying CVar settings from Section [FoliageQuality@3] File [E:/unreal/game/Horrorgame/Saved/Config/Windows/Scalability.ini]
[2024.03.28-04.05.39:230][  0]LogConfig: Setting CVar [[foliage.DensityScale:1.0]]
[2024.03.28-04.05.39:230][  0]LogConfig: Setting CVar [[grass.DensityScale:1.0]]
[2024.03.28-04.05.39:230][  0]LogConfig: Applying CVar settings from Section [ShadingQuality@3] File [E:/unreal/game/Horrorgame/Saved/Config/Windows/Scalability.ini]
[2024.03.28-04.05.39:230][  0]LogConfig: Setting CVar [[r.HairStrands.SkyLighting.SampleCount:16]]
[2024.03.28-04.05.39:230][  0]LogConfig: Setting CVar [[r.HairStrands.SkyLighting.JitterIntegration:0]]
[2024.03.28-04.05.39:230][  0]LogConfig: Setting CVar [[r.HairStrands.SkyAO.SampleCount:16]]
[2024.03.28-04.05.39:230][  0]LogConfig: Applying CVar settings from Section [Startup] File [../../../Engine/Config/ConsoleVariables.ini]
[2024.03.28-04.05.39:231][  0]LogConfig: Setting CVar [[net.UseAdaptiveNetUpdateFrequency:0]]
[2024.03.28-04.05.39:231][  0]LogConfig: Setting CVar [[p.chaos.AllowCreatePhysxBodies:1]]
[2024.03.28-04.05.39:231][  0]LogConfig: Applying CVar settings from Section [ConsoleVariables] File [E:/unreal/game/Horrorgame/Saved/Config/Windows/Engine.ini]
[2024.03.28-04.05.39:231][  0]LogInit: Computer: LAPTOP-IVRLO7U3
[2024.03.28-04.05.39:231][  0]LogInit: User: ASUS
[2024.03.28-04.05.39:231][  0]LogInit: CPU Page size=4096, Cores=8
[2024.03.28-04.05.39:231][  0]LogInit: High frequency timer resolution =10.000000 MHz
[2024.03.28-04.05.39:231][  0]LogMemory: Memory total: Physical=15.4GB (16GB approx)
[2024.03.28-04.05.39:231][  0]LogMemory: Platform Memory Stats for Windows
[2024.03.28-04.05.39:231][  0]LogMemory: Process Physical Memory: 107.84 MB used, 107.84 MB peak
[2024.03.28-04.05.39:231][  0]LogMemory: Process Virtual Memory: 102.33 MB used, 102.33 MB peak
[2024.03.28-04.05.39:231][  0]LogMemory: Physical Memory: 8643.14 MB used,  7130.27 MB free, 15773.41 MB total
[2024.03.28-04.05.39:231][  0]LogMemory: Virtual Memory: 5186.72 MB used,  134212544.00 MB free, 134217728.00 MB total
[2024.03.28-04.05.39:233][  0]LogWindows: WindowsPlatformFeatures enabled
[2024.03.28-04.05.39:269][  0]LogInit: Using OS detected language (en-US).
[2024.03.28-04.05.39:269][  0]LogInit: Using OS detected locale (en-US).
[2024.03.28-04.05.39:270][  0]LogTextLocalizationManager: No specific localization for 'en-US' exists, so the 'en' localization will be used.
[2024.03.28-04.05.39:460][  0]LogSlate: New Slate User Created.  User Index 0, Is Virtual User: 0
[2024.03.28-04.05.39:460][  0]LogSlate: Slate User Registered.  User Index 0, Is Virtual User: 0
[2024.03.28-04.05.39:503][  0]LogD3D11RHI: D3D11 min allowed feature level: 11_0
[2024.03.28-04.05.39:503][  0]LogD3D11RHI: D3D11 max allowed feature level: 11_0
[2024.03.28-04.05.39:503][  0]LogD3D11RHI: D3D11 adapters:
[2024.03.28-04.05.39:622][  0]LogD3D11RHI:    0. 'NVIDIA GeForce RTX 3060 Laptop GPU' (Feature Level 11_0)
[2024.03.28-04.05.39:623][  0]LogD3D11RHI:       6010/0/7886 MB DedicatedVideo/DedicatedSystem/SharedSystem, Outputs:1, VendorId:0x10de
[2024.03.28-04.05.39:670][  0]LogD3D11RHI:    1. 'AMD Radeon(TM) Graphics' (Feature Level 11_0)
[2024.03.28-04.05.39:670][  0]LogD3D11RHI:       496/0/7886 MB DedicatedVideo/DedicatedSystem/SharedSystem, Outputs:0, VendorId:0x1002
[2024.03.28-04.05.39:674][  0]LogD3D11RHI:    2. 'Microsoft Basic Render Driver' (Feature Level 11_0)
[2024.03.28-04.05.39:674][  0]LogD3D11RHI:       0/0/7886 MB DedicatedVideo/DedicatedSystem/SharedSystem, Outputs:0, VendorId:0x1414
[2024.03.28-04.05.39:674][  0]LogD3D11RHI: Chosen D3D11 Adapter: 0
[2024.03.28-04.05.39:680][  0]LogD3D11RHI: Creating new Direct3DDevice
[2024.03.28-04.05.39:680][  0]LogD3D11RHI:     GPU DeviceId: 0x2520 (for the marketing name, search the web for "GPU Device Id")
[2024.03.28-04.05.39:680][  0]LogWindows: EnumDisplayDevices:
[2024.03.28-04.05.39:680][  0]LogWindows:    0. 'AMD Radeon(TM) Graphics' (P:1 D:1)
[2024.03.28-04.05.39:680][  0]LogWindows:    1. 'AMD Radeon(TM) Graphics' (P:0 D:0)
[2024.03.28-04.05.39:680][  0]LogWindows:    2. 'AMD Radeon(TM) Graphics' (P:0 D:0)
[2024.03.28-04.05.39:681][  0]LogWindows:    3. 'NVIDIA GeForce RTX 3060 Laptop GPU' (P:0 D:0)
[2024.03.28-04.05.39:681][  0]LogWindows:    4. 'NVIDIA GeForce RTX 3060 Laptop GPU' (P:0 D:0)
[2024.03.28-04.05.39:681][  0]LogWindows:    5. 'NVIDIA GeForce RTX 3060 Laptop GPU' (P:0 D:0)
[2024.03.28-04.05.39:681][  0]LogWindows:    6. 'NVIDIA GeForce RTX 3060 Laptop GPU' (P:0 D:0)
[2024.03.28-04.05.39:681][  0]LogWindows: DebugString: PrimaryIsNotTheChoosenAdapter PrimaryIsNotTheChoosenAdapter PrimaryIsNotTheChoosenAdapter FoundDriverCount:4 
[2024.03.28-04.05.39:681][  0]LogD3D11RHI:     Adapter Name: NVIDIA GeForce RTX 3060 Laptop GPU
[2024.03.28-04.05.39:681][  0]LogD3D11RHI:   Driver Version: 546.17 (internal:31.0.15.4617, unified:546.17)
[2024.03.28-04.05.39:681][  0]LogD3D11RHI:      Driver Date: 11-9-2023
[2024.03.28-04.05.39:681][  0]LogRHI: Texture pool is 4207 MB (70% of 6010 MB)
[2024.03.28-04.05.39:749][  0]LogD3D11RHI: RHI has support for 64 bit atomics
[2024.03.28-04.05.39:749][  0]LogD3D11RHI: Async texture creation enabled
[2024.03.28-04.05.39:763][  0]LogD3D11RHI: GPU Timing Frequency: 1000.000000 (Debug: 2 1)
[2024.03.28-04.05.40:012][  0]LogTargetPlatformManager: Display: Loaded TargetPlatform 'WindowsNoEditor'
[2024.03.28-04.05.40:015][  0]LogTargetPlatformManager: Display: Loaded TargetPlatform 'Windows'
[2024.03.28-04.05.40:021][  0]LogTargetPlatformManager: Display: Loaded TargetPlatform 'WindowsClient'
[2024.03.28-04.05.40:027][  0]LogTargetPlatformManager: Display: Loaded TargetPlatform 'WindowsServer'
[2024.03.28-04.05.40:027][  0]LogTargetPlatformManager: Display: Building Assets For Windows
[2024.03.28-04.05.40:029][  0]LogAudioDebug: Display: Lib vorbis DLL was dynamically loaded.
[2024.03.28-04.05.40:044][  0]LogShaderCompilers: Guid format shader working directory is 7 characters bigger than the processId version (../../../../../unreal/game/Horrorgame/Intermediate/Shaders/WorkingDirectory/17772/).
[2024.03.28-04.05.40:044][  0]LogShaderCompilers: Cleaned the shader compiler working directory 'C:/Users/ASUS/AppData/Local/Temp/UnrealShaderWorkingDir/D4F17A6F43F87BEDDEFDDD806031FEED/'.
[2024.03.28-04.05.40:045][  0]LogXGEController: Cannot use XGE Controller as Incredibuild is not installed on this machine.
[2024.03.28-04.05.40:045][  0]LogShaderCompilers: Cannot use XGE Shader Compiler as Incredibuild is not installed on this machine.
[2024.03.28-04.05.40:045][  0]LogShaderCompilers: Display: Using Local Shader Compiler.
[2024.03.28-04.05.40:644][  0]LogDerivedDataCache: Display: Max Cache Size: 512 MB
[2024.03.28-04.05.40:698][  0]LogDerivedDataCache: Loaded boot cache 0.06s 78MB C:/Users/ASUS/AppData/Local/UnrealEngine/4.24/DerivedDataCache/Boot.ddc.
[2024.03.28-04.05.40:698][  0]LogDerivedDataCache: Display: Loaded Boot cache: C:/Users/ASUS/AppData/Local/UnrealEngine/4.24/DerivedDataCache/Boot.ddc
[2024.03.28-04.05.40:698][  0]LogDerivedDataCache: FDerivedDataBackendGraph:  Pak pak cache file ../../../../../unreal/game/Horrorgame/DerivedDataCache/DDC.ddp not found, will not use a pak cache.
[2024.03.28-04.05.40:698][  0]LogDerivedDataCache: Unable to find inner node Pak for hierarchical cache Hierarchy.
[2024.03.28-04.05.40:698][  0]LogDerivedDataCache: FDerivedDataBackendGraph:  CompressedPak pak cache file ../../../../../unreal/game/Horrorgame/DerivedDataCache/Compressed.ddp not found, will not use a pak cache.
[2024.03.28-04.05.40:698][  0]LogDerivedDataCache: Unable to find inner node CompressedPak for hierarchical cache Hierarchy.
[2024.03.28-04.05.40:709][  0]LogDerivedDataCache: Display: Pak cache opened for reading ../../../Engine/DerivedDataCache/Compressed.ddp.
[2024.03.28-04.05.40:709][  0]LogDerivedDataCache: FDerivedDataBackendGraph:  EnterprisePak pak cache file ../../../Enterprise/DerivedDataCache/Compressed.ddp not found, will not use a pak cache.
[2024.03.28-04.05.40:709][  0]LogDerivedDataCache: Unable to find inner node EnterprisePak for hierarchical cache Hierarchy.
[2024.03.28-04.05.40:710][  0]LogDerivedDataCache: Using Local data cache path C:/Users/ASUS/AppData/Local/UnrealEngine/Common/DerivedDataCache: Writable
[2024.03.28-04.05.40:710][  0]LogDerivedDataCache: Shared data cache path not found in *engine.ini, will not use an Shared cache.
[2024.03.28-04.05.40:710][  0]LogDerivedDataCache: Unable to find inner node Shared for hierarchical cache Hierarchy.
[2024.03.28-04.05.40:730][  0]LogMaterial: Verifying Global Shaders for PCD3D_SM5
[2024.03.28-04.05.40:735][  0]LogSlate: Using FreeType 2.10.0
[2024.03.28-04.05.40:735][  0]LogSlate: SlateFontServices - WITH_FREETYPE: 1, WITH_HARFBUZZ: 1
[2024.03.28-04.05.40:920][  0]LogInit: Using OS detected language (en-US).
[2024.03.28-04.05.40:920][  0]LogInit: Using OS detected locale (en-US).
[2024.03.28-04.05.40:921][  0]LogTextLocalizationManager: No localization for 'en-US' exists, so 'en' will be used for the language.
[2024.03.28-04.05.40:921][  0]LogTextLocalizationManager: No localization for 'en-US' exists, so 'en' will be used for the locale.
[2024.03.28-04.05.40:921][  0]LogSlate: FontCache flush requested. Reason: Culture for localization was changed
[2024.03.28-04.05.40:921][  0]LogSlate: FontCache flush requested. Reason: Culture for localization was changed
[2024.03.28-04.05.40:922][  0]LogTextLocalizationManager: Compacting localization data took   0.01ms
[2024.03.28-04.05.40:925][  0]LogAssetRegistry: FAssetRegistry took 0.0020 seconds to start up
[2024.03.28-04.05.41:138][  0]LogPackageLocalizationCache: Processed 9 localized package path(s) for 1 prioritized culture(s) in 0.000483 seconds
[2024.03.28-04.05.41:184][  0]LogInit: Selected Device Profile: [Windows]
[2024.03.28-04.05.41:207][  0]LogMeshReduction: Using QuadricMeshReduction for automatic static mesh reduction
[2024.03.28-04.05.41:207][  0]LogMeshReduction: Using SimplygonMeshReduction for automatic skeletal mesh reduction
[2024.03.28-04.05.41:207][  0]LogMeshReduction: Using ProxyLODMeshReduction for automatic mesh merging
[2024.03.28-04.05.41:207][  0]LogMeshReduction: No distributed automatic mesh merging module available
[2024.03.28-04.05.41:207][  0]LogMeshMerging: No distributed automatic mesh merging module available
[2024.03.28-04.05.41:293][  0]LogNetVersion: Horrorgame 1.0.0, NetCL: 10570792, EngineNetVer: 13, GameNetVer: 0 (Checksum: 3645283032)
[2024.03.28-04.05.41:697][  0]LogMoviePlayer: Initializing movie player
[2024.03.28-04.05.41:779][  0]LogTcpMessaging: Initializing TcpMessaging bridge
[2024.03.28-04.05.41:780][  0]LogUdpMessaging: Initializing bridge on interface 0.0.0.0:0 to multicast group 230.0.0.1:6666.
[2024.03.28-04.05.41:799][  0]SourceControl: Source control is disabled
[2024.03.28-04.05.41:799][  0]SourceControl: Source control is disabled
[2024.03.28-04.05.41:799][  0]SourceControl: Source control is disabled
[2024.03.28-04.05.41:803][  0]LogVSAccessor: Display: Unable to create Visual Studio setup instance: 80040154
[2024.03.28-04.05.41:803][  0]LogVSAccessor: Display: Unable to create Visual Studio setup instance: 80040154
[2024.03.28-04.05.41:816][  0]LogAndroidPermission: UAndroidPermissionCallbackProxy::GetInstance
[2024.03.28-04.05.41:820][  0]LogAudioCaptureCore: Display: No Audio Capture implementations found. Audio input will be silent.
[2024.03.28-04.05.41:820][  0]LogAudioCaptureCore: Display: No Audio Capture implementations found. Audio input will be silent.
[2024.03.28-04.05.41:860][  0]LogOcInput: OculusInput pre-init called
[2024.03.28-04.05.41:871][  0]LogUObjectArray: 52400 objects as part of root set at end of initial load.
[2024.03.28-04.05.41:871][  0]LogUObjectAllocator: 9278272 out of 0 bytes used by permanent object pool.
[2024.03.28-04.05.41:871][  0]LogUObjectArray: CloseDisregardForGC: 0/0 objects in disregard for GC pool
[2024.03.28-04.05.41:912][  0]LogEngine: Initializing Engine...
[2024.03.28-04.05.41:914][  0]LogStats: UGameplayTagsManager::InitializeManager -  0.000 s
[2024.03.28-04.05.42:075][  0]LogInit: Initializing FReadOnlyCVARCache
[2024.03.28-04.05.42:077][  0]LogAudioMixer: Display: Audio Mixer Platform Settings:
[2024.03.28-04.05.42:077][  0]LogAudioMixer: Display: 	Sample Rate:						  48000
[2024.03.28-04.05.42:077][  0]LogAudioMixer: Display: 	Callback Buffer Frame Size Requested: 1024
[2024.03.28-04.05.42:077][  0]LogAudioMixer: Display: 	Callback Buffer Frame Size To Use:	  1024
[2024.03.28-04.05.42:077][  0]LogAudioMixer: Display: 	Number of buffers to queue:			  2
[2024.03.28-04.05.42:077][  0]LogAudioMixer: Display: 	Max Channels (voices):				  32
[2024.03.28-04.05.42:077][  0]LogAudioMixer: Display: 	Number of Async Source Workers:		  0
[2024.03.28-04.05.42:077][  0]LogAudio: Display: AudioDevice MaxSources: 32
[2024.03.28-04.05.42:078][  0]LogAudio: Display: Using built-in audio occlusion.
[2024.03.28-04.05.42:078][  0]LogAudioMixer: Display: Initializing audio mixer.
[2024.03.28-04.05.42:094][  0]LogAudioMixer: Display: Audio Device Output Speaker Info:
[2024.03.28-04.05.42:095][  0]LogAudioMixer: Display: Name: Headphones (Realtek(R) Audio)
[2024.03.28-04.05.42:095][  0]LogAudioMixer: Display: Is Default: Yes
[2024.03.28-04.05.42:095][  0]LogAudioMixer: Display: Sample Rate: 48000
[2024.03.28-04.05.42:095][  0]LogAudioMixer: Display: Channel Count Used: 2
[2024.03.28-04.05.42:095][  0]LogAudioMixer: Display: Device Channel Count: 2
[2024.03.28-04.05.42:095][  0]LogAudioMixer: Display: Channel Order:
[2024.03.28-04.05.42:095][  0]LogAudioMixer: Display: 0: FrontLeft
[2024.03.28-04.05.42:095][  0]LogAudioMixer: Display: 1: FrontRight
[2024.03.28-04.05.42:189][  0]LogAudioMixer: Display: Using Audio Device Headphones (Realtek(R) Audio)
[2024.03.28-04.05.42:197][  0]LogInit: FAudioDevice initialized.
[2024.03.28-04.05.42:198][  0]LogNetVersion: Set ProjectVersion to 1.0.0.0. Version Checksum will be recalculated on next use.
[2024.03.28-04.05.42:198][  0]LogInit: Texture streaming: Enabled
[2024.03.28-04.05.42:323][  0]LogSlate: Updating window title bar state: overlay mode, drag disabled, window buttons hidden, title bar hidden
[2024.03.28-04.05.42:323][  0]LogInit: Display: Game Engine Initialized.
[2024.03.28-04.05.42:332][  0]LogInit: Display: Starting Game.
[2024.03.28-04.05.42:332][  0]LogNet: Browse: /Game/Maps/lvl1?Name=Player
[2024.03.28-04.05.42:332][  0]LogLoad: LoadMap: /Game/Maps/lvl1?Name=Player
[2024.03.28-04.05.42:332][  0]LogWorld: BeginTearingDown for /Temp/Untitled_0
[2024.03.28-04.05.42:333][  0]LogWorld: UWorld::CleanupWorld for Untitled, bSessionEnded=true, bCleanupResources=true
[2024.03.28-04.05.42:333][  0]LogSlate: InvalidateAllWidgets triggered.  All widgets were invalidated
[2024.03.28-04.05.42:363][  0]LogAudioMixer: Display: No commands were queued while flushing the source manager.
[2024.03.28-04.05.42:365][  0]LogUObjectHash: Compacting FUObjectHashTables data took   1.37ms
[2024.03.28-04.05.42:406][  0]LogProperty: Error: UStructProperty::Serialize Loading: Property 'StructProperty /Game/UMG/Inventory/W_InventoryMenu.W_InventoryMenu_C:ShowItemInfo.ItemData'. Unknown structure.
[2024.03.28-04.05.42:406][  0]LogProperty: Error: UStructProperty::Serialize Loading: Property 'StructProperty /Game/UMG/Inventory/W_InventoryMenu.W_InventoryMenu_C:ExecuteUbergraph_W_InventoryMenu.K2Node_CustomEvent_ItemData'. Unknown structure.
[2024.03.28-04.05.42:408][  0]LogProperty: Error: UStructProperty::Serialize Loading: Property 'StructProperty /Game/UMG/Inventory/W_InventorySlot.W_InventorySlot_C:ItemData'. Unknown structure.
[2024.03.28-04.05.42:425][  0]LogClass: Warning: Property ItemData of ItemData has a struct type mismatch (tag STRUCT_REINST_S_ItemData_0 != prop FallbackStruct) in package:  ../../../../../unreal/game/Horrorgame/Content/UMG/Inventory/W_InventorySlot.uasset. If that struct got renamed, add an entry to ActiveStructRedirects.
[2024.03.28-04.05.42:537][  0]LogBlueprint: Warning: [Compiler Bproomtarget] Set Radius  was pruned because its Exec pin is not connected, the connected value is not available and will instead be read as default
[2024.03.28-04.05.42:576][  0]LogBlueprint: Warning: [Compiler BTlastplayerlocation] 'Player Controller' does not inherit from 'Character' ( Cast To PlayerController  would always fail).
[2024.03.28-04.05.42:633][  0]LogClass: Warning: Property ItemData of ItemData has a struct type mismatch (tag FallbackStruct != prop S_ItemData) in package:  FObjectReader. If that struct got renamed, add an entry to ActiveStructRedirects.
[2024.03.28-04.05.43:737][  0]LogAIModule: Creating AISystem for world lvl1
[2024.03.28-04.05.43:738][  0]LogLoad: Game class is 'L1_GameMode_C'
[2024.03.28-04.05.43:739][  0]LogPhysics: Warning: Scale for /Game/Maps/lvl1.lvl1:PersistentLevel.BP_Interaction_Door_2.StaticMesh has a component set to zero, which will result in a bad body instance. Scale:X=0.000 Y=1.000 Z=1.000
[2024.03.28-04.05.43:740][  0]LogPhysics: Warning: PopulatePhysXGeometryAndTransform(Convex): ConvexElem has invalid transform
[2024.03.28-04.05.43:740][  0]LogPhysics: Warning: ForeachShape(Convex): ScaledElem[0] invalid
[2024.03.28-04.05.43:740][  0]LogPhysics: Warning: PopulatePhysXGeometryAndTransform(Convex): ConvexElem has invalid transform
[2024.03.28-04.05.43:740][  0]LogPhysics: Warning: ForeachShape(Convex): ScaledElem[1] invalid
[2024.03.28-04.05.43:740][  0]LogPhysics: Warning: PopulatePhysXGeometryAndTransform(Convex): ConvexElem has invalid transform
[2024.03.28-04.05.43:740][  0]LogPhysics: Warning: ForeachShape(Convex): ScaledElem[2] invalid
[2024.03.28-04.05.43:740][  0]LogPhysics: Warning: Scale for /Game/Maps/lvl1.lvl1:PersistentLevel.BP_Interaction_Door_2.StaticMesh1 has a component set to zero, which will result in a bad body instance. Scale:X=0.000 Y=1.000 Z=1.000
[2024.03.28-04.05.43:740][  0]LogPhysics: Warning: Scale for /Game/Maps/lvl1.lvl1:PersistentLevel.BP_Interaction_Door2.StaticMesh has a component set to zero, which will result in a bad body instance. Scale:X=0.000 Y=1.000 Z=1.000
[2024.03.28-04.05.43:740][  0]LogPhysics: Warning: PopulatePhysXGeometryAndTransform(Convex): ConvexElem has invalid transform
[2024.03.28-04.05.43:740][  0]LogPhysics: Warning: ForeachShape(Convex): ScaledElem[0] invalid
[2024.03.28-04.05.43:740][  0]LogPhysics: Warning: PopulatePhysXGeometryAndTransform(Convex): ConvexElem has invalid transform
[2024.03.28-04.05.43:740][  0]LogPhysics: Warning: ForeachShape(Convex): ScaledElem[1] invalid
[2024.03.28-04.05.43:740][  0]LogPhysics: Warning: PopulatePhysXGeometryAndTransform(Convex): ConvexElem has invalid transform
[2024.03.28-04.05.43:740][  0]LogPhysics: Warning: ForeachShape(Convex): ScaledElem[2] invalid
[2024.03.28-04.05.43:740][  0]LogPhysics: Warning: Scale for /Game/Maps/lvl1.lvl1:PersistentLevel.BP_Interaction_Door2.StaticMesh1 has a component set to zero, which will result in a bad body instance. Scale:X=0.000 Y=1.000 Z=1.000
[2024.03.28-04.05.43:740][  0]LogPhysics: Warning: Scale for /Game/Maps/lvl1.lvl1:PersistentLevel.BP_Interaction_Door3.StaticMesh has a component set to zero, which will result in a bad body instance. Scale:X=0.000 Y=1.000 Z=1.000
[2024.03.28-04.05.43:740][  0]LogPhysics: Warning: PopulatePhysXGeometryAndTransform(Convex): ConvexElem has invalid transform
[2024.03.28-04.05.43:740][  0]LogPhysics: Warning: ForeachShape(Convex): ScaledElem[0] invalid
[2024.03.28-04.05.43:740][  0]LogPhysics: Warning: PopulatePhysXGeometryAndTransform(Convex): ConvexElem has invalid transform
[2024.03.28-04.05.43:740][  0]LogPhysics: Warning: ForeachShape(Convex): ScaledElem[1] invalid
[2024.03.28-04.05.43:740][  0]LogPhysics: Warning: PopulatePhysXGeometryAndTransform(Convex): ConvexElem has invalid transform
[2024.03.28-04.05.43:740][  0]LogPhysics: Warning: ForeachShape(Convex): ScaledElem[2] invalid
[2024.03.28-04.05.43:740][  0]LogPhysics: Warning: Scale for /Game/Maps/lvl1.lvl1:PersistentLevel.BP_Interaction_Door3.StaticMesh1 has a component set to zero, which will result in a bad body instance. Scale:X=0.000 Y=1.000 Z=1.000
[2024.03.28-04.05.43:746][  0]LogPhysics: Warning: Scale for /Game/Maps/lvl1.lvl1:PersistentLevel.BP_Interaction_Door_2.StaticMesh has a component set to zero, which will result in a bad body instance. Scale:X=0.000 Y=1.000 Z=1.000
[2024.03.28-04.05.43:746][  0]LogPhysics: Warning: PopulatePhysXGeometryAndTransform(Convex): ConvexElem has invalid transform
[2024.03.28-04.05.43:746][  0]LogPhysics: Warning: ForeachShape(Convex): ScaledElem[0] invalid
[2024.03.28-04.05.43:746][  0]LogPhysics: Warning: PopulatePhysXGeometryAndTransform(Convex): ConvexElem has invalid transform
[2024.03.28-04.05.43:746][  0]LogPhysics: Warning: ForeachShape(Convex): ScaledElem[1] invalid
[2024.03.28-04.05.43:746][  0]LogPhysics: Warning: PopulatePhysXGeometryAndTransform(Convex): ConvexElem has invalid transform
[2024.03.28-04.05.43:746][  0]LogPhysics: Warning: ForeachShape(Convex): ScaledElem[2] invalid
[2024.03.28-04.05.43:746][  0]LogPhysics: Warning: Scale for /Game/Maps/lvl1.lvl1:PersistentLevel.BP_Interaction_Door_2.StaticMesh1 has a component set to zero, which will result in a bad body instance. Scale:X=0.000 Y=1.000 Z=1.000
[2024.03.28-04.05.43:746][  0]LogPhysics: Warning: Scale for /Game/Maps/lvl1.lvl1:PersistentLevel.BP_Interaction_Door_2.StaticMesh has a component set to zero, which will result in a bad body instance. Scale:X=0.000 Y=1.000 Z=1.000
[2024.03.28-04.05.43:746][  0]LogPhysics: Warning: PopulatePhysXGeometryAndTransform(Convex): ConvexElem has invalid transform
[2024.03.28-04.05.43:746][  0]LogPhysics: Warning: ForeachShape(Convex): ScaledElem[0] invalid
[2024.03.28-04.05.43:747][  0]LogPhysics: Warning: PopulatePhysXGeometryAndTransform(Convex): ConvexElem has invalid transform
[2024.03.28-04.05.43:747][  0]LogPhysics: Warning: ForeachShape(Convex): ScaledElem[1] invalid
[2024.03.28-04.05.43:747][  0]LogPhysics: Warning: PopulatePhysXGeometryAndTransform(Convex): ConvexElem has invalid transform
[2024.03.28-04.05.43:747][  0]LogPhysics: Warning: ForeachShape(Convex): ScaledElem[2] invalid
[2024.03.28-04.05.43:747][  0]LogPhysics: Warning: Scale for /Game/Maps/lvl1.lvl1:PersistentLevel.BP_Interaction_Door_2.StaticMesh has a component set to zero, which will result in a bad body instance. Scale:X=0.000 Y=1.000 Z=1.000
[2024.03.28-04.05.43:747][  0]LogPhysics: Warning: PopulatePhysXGeometryAndTransform(Convex): ConvexElem has invalid transform
[2024.03.28-04.05.43:747][  0]LogPhysics: Warning: ForeachShape(Convex): ScaledElem[0] invalid
[2024.03.28-04.05.43:747][  0]LogPhysics: Warning: PopulatePhysXGeometryAndTransform(Convex): ConvexElem has invalid transform
[2024.03.28-04.05.43:747][  0]LogPhysics: Warning: ForeachShape(Convex): ScaledElem[1] invalid
[2024.03.28-04.05.43:747][  0]LogPhysics: Warning: PopulatePhysXGeometryAndTransform(Convex): ConvexElem has invalid transform
[2024.03.28-04.05.43:747][  0]LogPhysics: Warning: ForeachShape(Convex): ScaledElem[2] invalid
[2024.03.28-04.05.43:747][  0]LogPhysics: Warning: Scale for /Game/Maps/lvl1.lvl1:PersistentLevel.BP_Interaction_Door_2.StaticMesh1 has a component set to zero, which will result in a bad body instance. Scale:X=0.000 Y=1.000 Z=1.000
[2024.03.28-04.05.43:747][  0]LogPhysics: Warning: Scale for /Game/Maps/lvl1.lvl1:PersistentLevel.BP_Interaction_Door_2.StaticMesh1 has a component set to zero, which will result in a bad body instance. Scale:X=0.000 Y=1.000 Z=1.000
[2024.03.28-04.05.43:748][  0]LogPhysics: Warning: Scale for /Game/Maps/lvl1.lvl1:PersistentLevel.BP_Interaction_Door2.StaticMesh has a component set to zero, which will result in a bad body instance. Scale:X=0.000 Y=1.000 Z=1.000
[2024.03.28-04.05.43:748][  0]LogPhysics: Warning: PopulatePhysXGeometryAndTransform(Convex): ConvexElem has invalid transform
[2024.03.28-04.05.43:748][  0]LogPhysics: Warning: ForeachShape(Convex): ScaledElem[0] invalid
[2024.03.28-04.05.43:748][  0]LogPhysics: Warning: PopulatePhysXGeometryAndTransform(Convex): ConvexElem has invalid transform
[2024.03.28-04.05.43:748][  0]LogPhysics: Warning: ForeachShape(Convex): ScaledElem[1] invalid
[2024.03.28-04.05.43:748][  0]LogPhysics: Warning: PopulatePhysXGeometryAndTransform(Convex): ConvexElem has invalid transform
[2024.03.28-04.05.43:748][  0]LogPhysics: Warning: ForeachShape(Convex): ScaledElem[2] invalid
[2024.03.28-04.05.43:748][  0]LogPhysics: Warning: Scale for /Game/Maps/lvl1.lvl1:PersistentLevel.BP_Interaction_Door2.StaticMesh1 has a component set to zero, which will result in a bad body instance. Scale:X=0.000 Y=1.000 Z=1.000
[2024.03.28-04.05.43:748][  0]LogPhysics: Warning: Scale for /Game/Maps/lvl1.lvl1:PersistentLevel.BP_Interaction_Door2.StaticMesh has a component set to zero, which will result in a bad body instance. Scale:X=0.000 Y=1.000 Z=1.000
[2024.03.28-04.05.43:748][  0]LogPhysics: Warning: PopulatePhysXGeometryAndTransform(Convex): ConvexElem has invalid transform
[2024.03.28-04.05.43:748][  0]LogPhysics: Warning: ForeachShape(Convex): ScaledElem[0] invalid
[2024.03.28-04.05.43:748][  0]LogPhysics: Warning: PopulatePhysXGeometryAndTransform(Convex): ConvexElem has invalid transform
[2024.03.28-04.05.43:748][  0]LogPhysics: Warning: ForeachShape(Convex): ScaledElem[1] invalid
[2024.03.28-04.05.43:748][  0]LogPhysics: Warning: PopulatePhysXGeometryAndTransform(Convex): ConvexElem has invalid transform
[2024.03.28-04.05.43:748][  0]LogPhysics: Warning: ForeachShape(Convex): ScaledElem[2] invalid
[2024.03.28-04.05.43:748][  0]LogPhysics: Warning: Scale for /Game/Maps/lvl1.lvl1:PersistentLevel.BP_Interaction_Door2.StaticMesh has a component set to zero, which will result in a bad body instance. Scale:X=0.000 Y=1.000 Z=1.000
[2024.03.28-04.05.43:748][  0]LogPhysics: Warning: PopulatePhysXGeometryAndTransform(Convex): ConvexElem has invalid transform
[2024.03.28-04.05.43:748][  0]LogPhysics: Warning: ForeachShape(Convex): ScaledElem[0] invalid
[2024.03.28-04.05.43:748][  0]LogPhysics: Warning: PopulatePhysXGeometryAndTransform(Convex): ConvexElem has invalid transform
[2024.03.28-04.05.43:748][  0]LogPhysics: Warning: ForeachShape(Convex): ScaledElem[1] invalid
[2024.03.28-04.05.43:748][  0]LogPhysics: Warning: PopulatePhysXGeometryAndTransform(Convex): ConvexElem has invalid transform
[2024.03.28-04.05.43:748][  0]LogPhysics: Warning: ForeachShape(Convex): ScaledElem[2] invalid
[2024.03.28-04.05.43:748][  0]LogPhysics: Warning: Scale for /Game/Maps/lvl1.lvl1:PersistentLevel.BP_Interaction_Door2.StaticMesh1 has a component set to zero, which will result in a bad body instance. Scale:X=0.000 Y=1.000 Z=1.000
[2024.03.28-04.05.43:748][  0]LogPhysics: Warning: Scale for /Game/Maps/lvl1.lvl1:PersistentLevel.BP_Interaction_Door2.StaticMesh1 has a component set to zero, which will result in a bad body instance. Scale:X=0.000 Y=1.000 Z=1.000
[2024.03.28-04.05.43:749][  0]LogPhysics: Warning: Scale for /Game/Maps/lvl1.lvl1:PersistentLevel.BP_Interaction_Door3.StaticMesh has a component set to zero, which will result in a bad body instance. Scale:X=0.000 Y=1.000 Z=1.000
[2024.03.28-04.05.43:749][  0]LogPhysics: Warning: PopulatePhysXGeometryAndTransform(Convex): ConvexElem has invalid transform
[2024.03.28-04.05.43:749][  0]LogPhysics: Warning: ForeachShape(Convex): ScaledElem[0] invalid
[2024.03.28-04.05.43:749][  0]LogPhysics: Warning: PopulatePhysXGeometryAndTransform(Convex): ConvexElem has invalid transform
[2024.03.28-04.05.43:749][  0]LogPhysics: Warning: ForeachShape(Convex): ScaledElem[1] invalid
[2024.03.28-04.05.43:749][  0]LogPhysics: Warning: PopulatePhysXGeometryAndTransform(Convex): ConvexElem has invalid transform
[2024.03.28-04.05.43:749][  0]LogPhysics: Warning: ForeachShape(Convex): ScaledElem[2] invalid
[2024.03.28-04.05.43:749][  0]LogPhysics: Warning: Scale for /Game/Maps/lvl1.lvl1:PersistentLevel.BP_Interaction_Door3.StaticMesh1 has a component set to zero, which will result in a bad body instance. Scale:X=0.000 Y=1.000 Z=1.000
[2024.03.28-04.05.43:749][  0]LogPhysics: Warning: Scale for /Game/Maps/lvl1.lvl1:PersistentLevel.BP_Interaction_Door3.StaticMesh has a component set to zero, which will result in a bad body instance. Scale:X=0.000 Y=1.000 Z=1.000
[2024.03.28-04.05.43:749][  0]LogPhysics: Warning: PopulatePhysXGeometryAndTransform(Convex): ConvexElem has invalid transform
[2024.03.28-04.05.43:749][  0]LogPhysics: Warning: ForeachShape(Convex): ScaledElem[0] invalid
[2024.03.28-04.05.43:749][  0]LogPhysics: Warning: PopulatePhysXGeometryAndTransform(Convex): ConvexElem has invalid transform
[2024.03.28-04.05.43:749][  0]LogPhysics: Warning: ForeachShape(Convex): ScaledElem[1] invalid
[2024.03.28-04.05.43:749][  0]LogPhysics: Warning: PopulatePhysXGeometryAndTransform(Convex): ConvexElem has invalid transform
[2024.03.28-04.05.43:749][  0]LogPhysics: Warning: ForeachShape(Convex): ScaledElem[2] invalid
[2024.03.28-04.05.43:749][  0]LogPhysics: Warning: Scale for /Game/Maps/lvl1.lvl1:PersistentLevel.BP_Interaction_Door3.StaticMesh has a component set to zero, which will result in a bad body instance. Scale:X=0.000 Y=1.000 Z=1.000
[2024.03.28-04.05.43:749][  0]LogPhysics: Warning: PopulatePhysXGeometryAndTransform(Convex): ConvexElem has invalid transform
[2024.03.28-04.05.43:749][  0]LogPhysics: Warning: ForeachShape(Convex): ScaledElem[0] invalid
[2024.03.28-04.05.43:749][  0]LogPhysics: Warning: PopulatePhysXGeometryAndTransform(Convex): ConvexElem has invalid transform
[2024.03.28-04.05.43:749][  0]LogPhysics: Warning: ForeachShape(Convex): ScaledElem[1] invalid
[2024.03.28-04.05.43:749][  0]LogPhysics: Warning: PopulatePhysXGeometryAndTransform(Convex): ConvexElem has invalid transform
[2024.03.28-04.05.43:749][  0]LogPhysics: Warning: ForeachShape(Convex): ScaledElem[2] invalid
[2024.03.28-04.05.43:749][  0]LogPhysics: Warning: Scale for /Game/Maps/lvl1.lvl1:PersistentLevel.BP_Interaction_Door3.StaticMesh1 has a component set to zero, which will result in a bad body instance. Scale:X=0.000 Y=1.000 Z=1.000
[2024.03.28-04.05.43:749][  0]LogPhysics: Warning: Scale for /Game/Maps/lvl1.lvl1:PersistentLevel.BP_Interaction_Door3.StaticMesh1 has a component set to zero, which will result in a bad body instance. Scale:X=0.000 Y=1.000 Z=1.000
[2024.03.28-04.05.43:752][  0]LogWorld: Bringing World /Game/Maps/lvl1.lvl1 up for play (max tick rate 0) at 2024.03.28-09.35.43
[2024.03.28-04.05.43:753][  0]LogWorld: Bringing up level for play took: 0.014859
[2024.03.28-04.05.43:753][  0]LogGameMode: FindPlayerStart: PATHS NOT DEFINED or NO PLAYERSTART with positive rating
[2024.03.28-04.05.43:760][  0]LogScript: Warning: Script Msg: Attempted to access index 0 from array 'InventorySlots' of length 0 in '/Game/Blueprints/BlueprintComponents/BPC_Inventory.BPC_Inventory_C'!
[2024.03.28-04.05.43:760][  0]LogScript: Warning: Script Msg: Attempted to access index 1 from array 'InventorySlots' of length 0 in '/Game/Blueprints/BlueprintComponents/BPC_Inventory.BPC_Inventory_C'!
[2024.03.28-04.05.43:760][  0]LogScript: Warning: Script Msg: Attempted to access index 2 from array 'InventorySlots' of length 0 in '/Game/Blueprints/BlueprintComponents/BPC_Inventory.BPC_Inventory_C'!
[2024.03.28-04.05.43:760][  0]LogScript: Warning: Script Msg: Attempted to access index 3 from array 'InventorySlots' of length 0 in '/Game/Blueprints/BlueprintComponents/BPC_Inventory.BPC_Inventory_C'!
[2024.03.28-04.05.43:760][  0]LogScript: Warning: Script Msg: Attempted to access index 4 from array 'InventorySlots' of length 0 in '/Game/Blueprints/BlueprintComponents/BPC_Inventory.BPC_Inventory_C'!
[2024.03.28-04.05.43:760][  0]LogScript: Warning: Script Msg: Attempted to access index 5 from array 'InventorySlots' of length 0 in '/Game/Blueprints/BlueprintComponents/BPC_Inventory.BPC_Inventory_C'!
[2024.03.28-04.05.43:760][  0]LogScript: Warning: Script Msg: Attempted to access index 6 from array 'InventorySlots' of length 0 in '/Game/Blueprints/BlueprintComponents/BPC_Inventory.BPC_Inventory_C'!
[2024.03.28-04.05.43:760][  0]LogScript: Warning: Script Msg: Attempted to access index 7 from array 'InventorySlots' of length 0 in '/Game/Blueprints/BlueprintComponents/BPC_Inventory.BPC_Inventory_C'!
[2024.03.28-04.05.43:761][  0]LogScript: Warning: Script Msg: Attempted to access index 0 from array 'CallFunc_GetAllActorsOfClass_OutActors' of length 0 in '/Game/Blueprints/BlueprintComponents/BPC_Inventory.BPC_Inventory_C:ExecuteUbergraph_BPC_Inventory'!
[2024.03.28-04.05.43:762][  0]LogLoad: Took 1.429546 seconds to LoadMap(/Game/Maps/lvl1)
[2024.03.28-04.05.43:773][  0]LogSlate: Took 0.000265 seconds to synchronously load lazily loaded font '../../../Engine/Content/Slate/Fonts/Roboto-Regular.ttf' (155K)
[2024.03.28-04.05.43:788][  0]LogRenderer: Reallocating scene render targets to support 1912x1048 Format 10 NumSamples 1 (Frame:1).
[2024.03.28-04.05.43:788][  0]LogLoad: (Engine Initialization) Total time: 5.93 seconds
[2024.03.28-04.05.43:788][  0]LogLoad: (Engine Initialization) Total Blueprint compile time: 0.00 seconds
[2024.03.28-04.05.43:824][  0]LogContentStreaming: Texture pool size now 1000 MB
[2024.03.28-04.05.43:829][  0]LogSlate: InvalidateAllWidgets triggered.  All widgets were invalidated
[2024.03.28-04.05.43:997][  1]LogSlate: Took 0.000194 seconds to synchronously load lazily loaded font '../../../Engine/Content/Slate/Fonts/Roboto-Regular.ttf' (155K)
