Log file open, 03/28/24 10:03:30
LogWindows: Failed to load 'aqProf.dll' (GetLastError=126)
LogWindows: File 'aqProf.dll' does not exist
LogWindows: Failed to load 'VtuneApi.dll' (GetLastError=126)
LogWindows: File 'VtuneApi.dll' does not exist
LogWindows: Failed to load 'VtuneApi32e.dll' (GetLastError=126)
LogWindows: File 'VtuneApi32e.dll' does not exist
LogConsoleResponse: Display: Failed to find resolution value strings in scalability ini. Falling back to default.
LogInit: Display: Running engine for game: Horrorgame
LogPlatformFile: Not using cached read wrapper
LogTaskGraph: Started task graph with 5 named threads and 47 total threads with 3 sets of task threads.
LogStats: Stats thread started at 0.066868
LogD3D11RHI: Loaded GFSDK_Aftermath_Lib.x64.dll
LogICUInternationalization: ICU TimeZone Detection - Raw Offset: +5:30, Platform Override: ''
LogPluginManager: Mounting plugin Paper2D
LogPluginManager: Mounting plugin AISupport
LogPluginManager: Mounting plugin LightPropagationVolume
LogPluginManager: Mounting plugin ActorLayerUtilities
LogPluginManager: Mounting plugin AnimationSharing
LogPluginManager: Mounting plugin CLionSourceCodeAccess
LogPluginManager: Mounting plugin CodeLiteSourceCodeAccess
LogPluginManager: Mounting plugin GitSourceControl
LogPluginManager: Mounting plugin KDevelopSourceCodeAccess
LogPluginManager: Mounting plugin NullSourceCodeAccess
LogPluginManager: Mounting plugin PerforceSourceControl
LogPluginManager: Mounting plugin PlasticSourceControl
LogPluginManager: Mounting plugin SubversionSourceControl
LogPluginManager: Mounting plugin UObjectPlugin
LogPluginManager: Mounting plugin VisualStudioCodeSourceCodeAccess
LogPluginManager: Mounting plugin VisualStudioSourceCodeAccess
LogPluginManager: Mounting plugin XCodeSourceCodeAccess
LogPluginManager: Mounting plugin AssetManagerEditor
LogPluginManager: Mounting plugin CryptoKeys
LogPluginManager: Mounting plugin CurveEditorTools
LogPluginManager: Mounting plugin DataValidation
LogPluginManager: Mounting plugin FacialAnimation
LogPluginManager: Mounting plugin GameplayTagsEditor
LogPluginManager: Mounting plugin MacGraphicsSwitching
LogPluginManager: Mounting plugin MaterialAnalyzer
LogPluginManager: Mounting plugin MobileLauncherProfileWizard
LogPluginManager: Mounting plugin PluginBrowser
LogPluginManager: Mounting plugin SpeedTreeImporter
LogPluginManager: Mounting plugin DatasmithContent
LogPluginManager: Mounting plugin VariantManagerContent
LogPluginManager: Mounting plugin AlembicImporter
LogPluginManager: Mounting plugin AutomationUtils
LogPluginManager: Mounting plugin BackChannel
LogPluginManager: Mounting plugin CharacterAI
LogPluginManager: Mounting plugin GeometryCache
LogPluginManager: Mounting plugin PlatformCrypto
LogPluginManager: Mounting plugin ProxyLODPlugin
LogPluginManager: Mounting plugin SkeletalReduction
LogPluginManager: Mounting plugin MagicLeap
LogPluginManager: Mounting plugin MagicLeapMedia
LogPluginManager: Mounting plugin MLSDK
LogPluginManager: Mounting plugin AndroidMedia
LogPluginManager: Mounting plugin AvfMedia
LogPluginManager: Mounting plugin ImgMedia
LogPluginManager: Mounting plugin MediaCompositing
LogPluginManager: Mounting plugin MediaPlayerEditor
LogPluginManager: Mounting plugin WebMMedia
LogPluginManager: Mounting plugin WmfMedia
LogPluginManager: Mounting plugin TcpMessaging
LogPluginManager: Mounting plugin UdpMessaging
LogPluginManager: Mounting plugin ActorSequence
LogPluginManager: Mounting plugin LevelSequenceEditor
LogPluginManager: Mounting plugin MatineeToLevelSequence
LogPluginManager: Mounting plugin NetcodeUnitTest
LogPluginManager: Mounting plugin NUTUnrealEngine4
LogPluginManager: Mounting plugin OnlineSubsystemGooglePlay
LogPluginManager: Mounting plugin OnlineSubsystemIOS
LogPluginManager: Mounting plugin OnlineSubsystem
LogPluginManager: Mounting plugin OnlineSubsystemNull
LogPluginManager: Mounting plugin OnlineSubsystemUtils
LogPluginManager: Mounting plugin LauncherChunkInstaller
LogPluginManager: Mounting plugin AndroidDeviceProfileSelector
LogPluginManager: Mounting plugin AndroidMoviePlayer
LogPluginManager: Mounting plugin AndroidPermission
LogPluginManager: Mounting plugin AppleImageUtils
LogPluginManager: Mounting plugin AppleMoviePlayer
LogPluginManager: Mounting plugin ArchVisCharacter
LogPluginManager: Mounting plugin AssetTags
LogPluginManager: Mounting plugin AudioCapture
LogPluginManager: Mounting plugin CableComponent
LogPluginManager: Mounting plugin CustomMeshComponent
LogPluginManager: Mounting plugin EditableMesh
LogPluginManager: Mounting plugin ExampleDeviceProfileSelector
LogPluginManager: Mounting plugin GoogleCloudMessaging
LogPluginManager: Mounting plugin IOSDeviceProfileSelector
LogPluginManager: Mounting plugin LinuxDeviceProfileSelector
LogPluginManager: Mounting plugin LocationServicesBPLibrary
LogPluginManager: Mounting plugin MobilePatchingUtils
LogPluginManager: Mounting plugin OculusVR
LogPluginManager: Mounting plugin PhysXVehicles
LogPluginManager: Mounting plugin PostSplashScreen
LogPluginManager: Mounting plugin ProceduralMeshComponent
LogPluginManager: Mounting plugin RuntimePhysXCooking
LogPluginManager: Mounting plugin SignificanceManager
LogPluginManager: Mounting plugin WebMMoviePlayer
LogPluginManager: Mounting plugin WindowsMoviePlayer
LogPluginManager: Mounting plugin ScreenshotTools
LogInit: Using libcurl 7.55.1-DEV
LogInit:  - built for x86_64-pc-win32
LogInit:  - supports SSL with OpenSSL/1.1.1
LogInit:  - supports HTTP deflate (compression) using libz 1.2.8
LogInit:  - other features:
LogInit:      CURL_VERSION_SSL
LogInit:      CURL_VERSION_LIBZ
LogInit:      CURL_VERSION_IPV6
LogInit:      CURL_VERSION_ASYNCHDNS
LogInit:      CURL_VERSION_LARGEFILE
LogInit:      CURL_VERSION_IDN
LogInit:  CurlRequestOptions (configurable via config and command line):
LogInit:  - bVerifyPeer = true  - Libcurl will verify peer certificate
LogInit:  - bUseHttpProxy = false  - Libcurl will NOT use HTTP proxy
LogInit:  - bDontReuseConnections = false  - Libcurl will reuse connections
LogInit:  - MaxHostConnections = 16  - Libcurl will limit the number of connections to a host
LogInit:  - LocalHostAddr = Default
LogInit:  - BufferSize = 65536
LogOnline: OSS: Creating online subsystem instance for: NULL
LogInit: WinSock: version 1.1 (2.2), MaxSocks=32767, MaxUdp=65467
LogOnline: OSS: TryLoadSubsystemAndSetDefault: Loaded subsystem for module [NULL]
LogInit: Build: ++UE4+Release-4.24-CL-11590370
LogInit: Engine Version: 4.24.3-11590370+++UE4+Release-4.24
LogInit: Compatible Engine Version: 4.24.0-10570792+++UE4+Release-4.24
LogInit: Net CL: 10570792
LogInit: OS: Windows 10 (Release 2009) (), CPU: AMD Ryzen 7 5800H with Radeon Graphics         , GPU: AMD Radeon(TM) Graphics
LogInit: Compiled (64-bit): Feb 24 2020 15:39:18
LogInit: Compiled with Visual C++: 19.16.27032.01
LogInit: Build Configuration: Development
LogInit: Branch Name: ++UE4+Release-4.24
LogInit: Command Line:  /Game/Maps/lvl1 -game -PIEVIACONSOLE -ResX=1910 -ResY=1046 -Multiprocess -messaging -SessionName="Play in Standalone Game" -windowed
LogInit: Base Directory: E:/ue4/UE_4.24/Engine/Binaries/Win64/
LogInit: Installed Engine Build: 1
LogDevObjectVersion: Number of dev versions registered: 25
LogDevObjectVersion:   Dev-Blueprints (B0D832E4-1F89-4F0D-ACCF-7EB736FD4AA2): 10
LogDevObjectVersion:   Dev-Build (E1C64328-A22C-4D53-A36C-8E866417BD8C): 0
LogDevObjectVersion:   Dev-Core (375EC13C-06E4-48FB-B500-84F0262A717E): 3
LogDevObjectVersion:   Dev-Editor (E4B068ED-F494-42E9-A231-DA0B2E46BB41): 37
LogDevObjectVersion:   Dev-Framework (CFFC743F-43B0-4480-9391-14DF171D2073): 36
LogDevObjectVersion:   Dev-Mobile (B02B49B5-BB20-44E9-A304-32B752E40360): 2
LogDevObjectVersion:   Dev-Networking (A4E4105C-59A1-49B5-A7C5-40C4547EDFEE): 0
LogDevObjectVersion:   Dev-Online (39C831C9-5AE6-47DC-9A44-9C173E1C8E7C): 0
LogDevObjectVersion:   Dev-Physics (78F01B33-EBEA-4F98-B9B4-84EACCB95AA2): 2
LogDevObjectVersion:   Dev-Platform (6631380F-2D4D-43E0-8009-CF276956A95A): 0
LogDevObjectVersion:   Dev-Rendering (12F88B9F-8875-4AFC-A67C-D90C383ABD29): 36
LogDevObjectVersion:   Dev-Sequencer (7B5AE74C-D270-4C10-A958-57980B212A5A): 11
LogDevObjectVersion:   Dev-VR (D7296918-1DD6-4BDD-9DE2-64A83CC13884): 2
LogDevObjectVersion:   Dev-LoadTimes (C2A15278-BFE7-4AFE-6C17-90FF531DF755): 1
LogDevObjectVersion:   Private-Geometry (6EACA3D4-40EC-4CC1-B786-8BED09428FC5): 3
LogDevObjectVersion:   Dev-AnimPhys (29E575DD-E0A3-4627-9D10-D276232CDCEA): 17
LogDevObjectVersion:   Dev-Anim (AF43A65D-7FD3-4947-9873-3E8ED9C1BB05): 2
LogDevObjectVersion:   Dev-ReflectionCapture (6B266CEC-1EC7-4B8F-A30B-E4D90942FC07): 1
LogDevObjectVersion:   Dev-Automation (0DF73D61-A23F-47EA-B727-89E90C41499A): 1
LogDevObjectVersion:   FortniteMain (601D1886-AC64-4F84-AA16-D3DE0DEAC7D6): 31
LogDevObjectVersion:   Dev-Enterprise (9DFFBCD6-494F-0158-E221-12823C92A888): 8
LogDevObjectVersion:   Dev-Niagara (F2AED0AC-9AFE-416F-8664-AA7FFA26D6FC): 1
LogDevObjectVersion:   Dev-Destruction (174F1F0B-B4C6-45A5-B13F-2EE8D0FB917D): 9
LogDevObjectVersion:   Dev-Physics-Ext (35F94A83-E258-406C-A318-09F59610247C): 8
LogDevObjectVersion:   Dev-CineCamera (B2E18506-4273-CFC2-A54E-F4BB758BBA07): 1
LogInit: Presizing for max 25165824 objects, including 0 objects not considered by GC, pre-allocating 0 bytes for permanent pool.
LogInit: Object subsystem initialized
LogConfig: Setting CVar [[con.DebugEarlyDefault:1]]
LogConfig: Setting CVar [[r.setres:1280x720]]
[2024.03.28-04.33.30:525][  0]LogConfig: Setting CVar [[con.DebugEarlyDefault:1]]
[2024.03.28-04.33.30:525][  0]LogConfig: Setting CVar [[r.setres:1280x720]]
[2024.03.28-04.33.30:525][  0]LogConfig: Applying CVar settings from Section [/Script/Engine.RendererSettings] File [E:/unreal/game/Horrorgame/Saved/Config/Windows/Engine.ini]
[2024.03.28-04.33.30:525][  0]LogConfig: Setting CVar [[r.GPUCrashDebugging:0]]
[2024.03.28-04.33.30:525][  0]LogConfig: Applying CVar settings from Section [/Script/Engine.RendererOverrideSettings] File [E:/unreal/game/Horrorgame/Saved/Config/Windows/Engine.ini]
[2024.03.28-04.33.30:525][  0]LogConfig: Applying CVar settings from Section [/Script/Engine.StreamingSettings] File [E:/unreal/game/Horrorgame/Saved/Config/Windows/Engine.ini]
[2024.03.28-04.33.30:525][  0]LogConfig: Setting CVar [[s.MinBulkDataSizeForAsyncLoading:131072]]
[2024.03.28-04.33.30:525][  0]LogConfig: Setting CVar [[s.AsyncLoadingThreadEnabled:0]]
[2024.03.28-04.33.30:525][  0]LogConfig: Setting CVar [[s.EventDrivenLoaderEnabled:1]]
[2024.03.28-04.33.30:525][  0]LogConfig: Setting CVar [[s.WarnIfTimeLimitExceeded:0]]
[2024.03.28-04.33.30:525][  0]LogConfig: Setting CVar [[s.TimeLimitExceededMultiplier:1.5]]
[2024.03.28-04.33.30:525][  0]LogConfig: Setting CVar [[s.TimeLimitExceededMinTime:0.005]]
[2024.03.28-04.33.30:525][  0]LogConfig: Setting CVar [[s.UseBackgroundLevelStreaming:1]]
[2024.03.28-04.33.30:525][  0]LogConfig: Setting CVar [[s.PriorityAsyncLoadingExtraTime:15.0]]
[2024.03.28-04.33.30:525][  0]LogConfig: Setting CVar [[s.LevelStreamingActorsUpdateTimeLimit:5.0]]
[2024.03.28-04.33.30:525][  0]LogConfig: Setting CVar [[s.PriorityLevelStreamingActorsUpdateExtraTime:5.0]]
[2024.03.28-04.33.30:525][  0]LogConfig: Setting CVar [[s.LevelStreamingComponentsRegistrationGranularity:10]]
[2024.03.28-04.33.30:525][  0]LogConfig: Setting CVar [[s.UnregisterComponentsTimeLimit:1.0]]
[2024.03.28-04.33.30:525][  0]LogConfig: Setting CVar [[s.LevelStreamingComponentsUnregistrationGranularity:5]]
[2024.03.28-04.33.30:525][  0]LogConfig: Setting CVar [[s.FlushStreamingOnExit:1]]
[2024.03.28-04.33.30:525][  0]LogConfig: Applying CVar settings from Section [/Script/Engine.GarbageCollectionSettings] File [E:/unreal/game/Horrorgame/Saved/Config/Windows/Engine.ini]
[2024.03.28-04.33.30:525][  0]LogConfig: Setting CVar [[gc.MaxObjectsNotConsideredByGC:1]]
[2024.03.28-04.33.30:525][  0]LogConfig: Setting CVar [[gc.SizeOfPermanentObjectPool:0]]
[2024.03.28-04.33.30:525][  0]LogConfig: Setting CVar [[gc.FlushStreamingOnGC:0]]
[2024.03.28-04.33.30:525][  0]LogConfig: Setting CVar [[gc.NumRetriesBeforeForcingGC:10]]
[2024.03.28-04.33.30:525][  0]LogConfig: Setting CVar [[gc.AllowParallelGC:1]]
[2024.03.28-04.33.30:525][  0]LogConfig: Setting CVar [[gc.TimeBetweenPurgingPendingKillObjects:61.1]]
[2024.03.28-04.33.30:525][  0]LogConfig: Setting CVar [[gc.MaxObjectsInEditor:25165824]]
[2024.03.28-04.33.30:525][  0]LogConfig: Setting CVar [[gc.IncrementalBeginDestroyEnabled:1]]
[2024.03.28-04.33.30:526][  0]LogConfig: Setting CVar [[gc.CreateGCClusters:1]]
[2024.03.28-04.33.30:526][  0]LogConfig: Setting CVar [[gc.MinGCClusterSize:5]]
[2024.03.28-04.33.30:526][  0]LogConfig: Setting CVar [[gc.ActorClusteringEnabled:0]]
[2024.03.28-04.33.30:526][  0]LogConfig: Setting CVar [[gc.BlueprintClusteringEnabled:0]]
[2024.03.28-04.33.30:526][  0]LogConfig: Setting CVar [[gc.UseDisregardForGCOnDedicatedServers:0]]
[2024.03.28-04.33.30:526][  0]LogConfig: Applying CVar settings from Section [/Script/Engine.NetworkSettings] File [E:/unreal/game/Horrorgame/Saved/Config/Windows/Engine.ini]
[2024.03.28-04.33.30:526][  0]LogConfig: Applying CVar settings from Section [/Script/UnrealEd.CookerSettings] File [E:/unreal/game/Horrorgame/Saved/Config/Windows/Engine.ini]
[2024.03.28-04.33.30:527][  0]LogConfig: Applying CVar settings from Section [ViewDistanceQuality@3] File [E:/unreal/game/Horrorgame/Saved/Config/Windows/Scalability.ini]
[2024.03.28-04.33.30:527][  0]LogConfig: Setting CVar [[r.SkeletalMeshLODBias:0]]
[2024.03.28-04.33.30:527][  0]LogConfig: Setting CVar [[r.ViewDistanceScale:1.0]]
[2024.03.28-04.33.30:527][  0]LogConfig: Applying CVar settings from Section [AntiAliasingQuality@3] File [E:/unreal/game/Horrorgame/Saved/Config/Windows/Scalability.ini]
[2024.03.28-04.33.30:527][  0]LogConfig: Setting CVar [[r.PostProcessAAQuality:4]]
[2024.03.28-04.33.30:527][  0]LogConfig: Applying CVar settings from Section [ShadowQuality@3] File [E:/unreal/game/Horrorgame/Saved/Config/Windows/Scalability.ini]
[2024.03.28-04.33.30:527][  0]LogConfig: Setting CVar [[r.LightFunctionQuality:1]]
[2024.03.28-04.33.30:527][  0]LogConfig: Setting CVar [[r.ShadowQuality:5]]
[2024.03.28-04.33.30:527][  0]LogConfig: Setting CVar [[r.Shadow.CSM.MaxCascades:10]]
[2024.03.28-04.33.30:527][  0]LogConfig: Setting CVar [[r.Shadow.MaxResolution:2048]]
[2024.03.28-04.33.30:527][  0]LogConfig: Setting CVar [[r.Shadow.MaxCSMResolution:2048]]
[2024.03.28-04.33.30:527][  0]LogConfig: Setting CVar [[r.Shadow.RadiusThreshold:0.01]]
[2024.03.28-04.33.30:527][  0]LogConfig: Setting CVar [[r.Shadow.DistanceScale:1.0]]
[2024.03.28-04.33.30:527][  0]LogConfig: Setting CVar [[r.Shadow.CSM.TransitionScale:1.0]]
[2024.03.28-04.33.30:527][  0]LogConfig: Setting CVar [[r.Shadow.PreShadowResolutionFactor:1.0]]
[2024.03.28-04.33.30:527][  0]LogConfig: Setting CVar [[r.DistanceFieldShadowing:1]]
[2024.03.28-04.33.30:527][  0]LogConfig: Setting CVar [[r.DistanceFieldAO:1]]
[2024.03.28-04.33.30:527][  0]LogConfig: Setting CVar [[r.AOQuality:2]]
[2024.03.28-04.33.30:527][  0]LogConfig: Setting CVar [[r.VolumetricFog:1]]
[2024.03.28-04.33.30:527][  0]LogConfig: Setting CVar [[r.VolumetricFog.GridPixelSize:8]]
[2024.03.28-04.33.30:527][  0]LogConfig: Setting CVar [[r.VolumetricFog.GridSizeZ:128]]
[2024.03.28-04.33.30:527][  0]LogConfig: Setting CVar [[r.VolumetricFog.HistoryMissSupersampleCount:4]]
[2024.03.28-04.33.30:527][  0]LogConfig: Setting CVar [[r.LightMaxDrawDistanceScale:1]]
[2024.03.28-04.33.30:527][  0]LogConfig: Setting CVar [[r.CapsuleShadows:1]]
[2024.03.28-04.33.30:527][  0]LogConfig: Applying CVar settings from Section [PostProcessQuality@3] File [E:/unreal/game/Horrorgame/Saved/Config/Windows/Scalability.ini]
[2024.03.28-04.33.30:527][  0]LogConfig: Setting CVar [[r.MotionBlurQuality:4]]
[2024.03.28-04.33.30:528][  0]LogConfig: Setting CVar [[r.AmbientOcclusionMipLevelFactor:0.4]]
[2024.03.28-04.33.30:528][  0]LogConfig: Setting CVar [[r.AmbientOcclusionMaxQuality:100]]
[2024.03.28-04.33.30:528][  0]LogConfig: Setting CVar [[r.AmbientOcclusionLevels:-1]]
[2024.03.28-04.33.30:528][  0]LogConfig: Setting CVar [[r.AmbientOcclusionRadiusScale:1.0]]
[2024.03.28-04.33.30:528][  0]LogConfig: Setting CVar [[r.DepthOfFieldQuality:2]]
[2024.03.28-04.33.30:528][  0]LogConfig: Setting CVar [[r.RenderTargetPoolMin:400]]
[2024.03.28-04.33.30:528][  0]LogConfig: Setting CVar [[r.LensFlareQuality:2]]
[2024.03.28-04.33.30:528][  0]LogConfig: Setting CVar [[r.SceneColorFringeQuality:1]]
[2024.03.28-04.33.30:528][  0]LogConfig: Setting CVar [[r.EyeAdaptationQuality:2]]
[2024.03.28-04.33.30:528][  0]LogConfig: Setting CVar [[r.BloomQuality:5]]
[2024.03.28-04.33.30:528][  0]LogConfig: Setting CVar [[r.FastBlurThreshold:100]]
[2024.03.28-04.33.30:528][  0]LogConfig: Setting CVar [[r.Upscale.Quality:3]]
[2024.03.28-04.33.30:528][  0]LogConfig: Setting CVar [[r.Tonemapper.GrainQuantization:1]]
[2024.03.28-04.33.30:528][  0]LogConfig: Setting CVar [[r.LightShaftQuality:1]]
[2024.03.28-04.33.30:528][  0]LogConfig: Setting CVar [[r.Filter.SizeScale:1]]
[2024.03.28-04.33.30:528][  0]LogConfig: Setting CVar [[r.Tonemapper.Quality:5]]
[2024.03.28-04.33.30:528][  0]LogConfig: Setting CVar [[r.DOF.Gather.AccumulatorQuality:1        ; higher gathering accumulator quality]]
[2024.03.28-04.33.30:528][  0]LogConfig: Setting CVar [[r.DOF.Gather.PostfilterMethod:1          ; Median3x3 postfilering method]]
[2024.03.28-04.33.30:528][  0]LogConfig: Setting CVar [[r.DOF.Gather.EnableBokehSettings:0       ; no bokeh simulation when gathering]]
[2024.03.28-04.33.30:528][  0]LogConfig: Setting CVar [[r.DOF.Gather.RingCount:4                 ; medium number of samples when gathering]]
[2024.03.28-04.33.30:528][  0]LogConfig: Setting CVar [[r.DOF.Scatter.ForegroundCompositing:1    ; additive foreground scattering]]
[2024.03.28-04.33.30:528][  0]LogConfig: Setting CVar [[r.DOF.Scatter.BackgroundCompositing:2    ; additive background scattering]]
[2024.03.28-04.33.30:528][  0]LogConfig: Setting CVar [[r.DOF.Scatter.EnableBokehSettings:1      ; bokeh simulation when scattering]]
[2024.03.28-04.33.30:528][  0]LogConfig: Setting CVar [[r.DOF.Scatter.MaxSpriteRatio:0.1         ; only a maximum of 10% of scattered bokeh]]
[2024.03.28-04.33.30:528][  0]LogConfig: Setting CVar [[r.DOF.Recombine.Quality:1                ; cheap slight out of focus]]
[2024.03.28-04.33.30:528][  0]LogConfig: Setting CVar [[r.DOF.Recombine.EnableBokehSettings:0    ; no bokeh simulation on slight out of focus]]
[2024.03.28-04.33.30:528][  0]LogConfig: Setting CVar [[r.DOF.TemporalAAQuality:1                ; more stable temporal accumulation]]
[2024.03.28-04.33.30:528][  0]LogConfig: Setting CVar [[r.DOF.Kernel.MaxForegroundRadius:0.025]]
[2024.03.28-04.33.30:528][  0]LogConfig: Setting CVar [[r.DOF.Kernel.MaxBackgroundRadius:0.025]]
[2024.03.28-04.33.30:528][  0]LogConfig: Applying CVar settings from Section [TextureQuality@3] File [E:/unreal/game/Horrorgame/Saved/Config/Windows/Scalability.ini]
[2024.03.28-04.33.30:528][  0]LogConfig: Setting CVar [[r.Streaming.MipBias:0]]
[2024.03.28-04.33.30:528][  0]LogConfig: Setting CVar [[r.Streaming.AmortizeCPUToGPUCopy:0]]
[2024.03.28-04.33.30:528][  0]LogConfig: Setting CVar [[r.Streaming.MaxNumTexturesToStreamPerFrame:0]]
[2024.03.28-04.33.30:528][  0]LogConfig: Setting CVar [[r.Streaming.Boost:1]]
[2024.03.28-04.33.30:528][  0]LogConfig: Setting CVar [[r.MaxAnisotropy:8]]
[2024.03.28-04.33.30:528][  0]LogConfig: Setting CVar [[r.VT.MaxAnisotropy:8]]
[2024.03.28-04.33.30:528][  0]LogConfig: Setting CVar [[r.Streaming.LimitPoolSizeToVRAM:0]]
[2024.03.28-04.33.30:528][  0]LogConfig: Setting CVar [[r.Streaming.PoolSize:1000]]
[2024.03.28-04.33.30:528][  0]LogConfig: Setting CVar [[r.Streaming.MaxEffectiveScreenSize:0]]
[2024.03.28-04.33.30:528][  0]LogConfig: Applying CVar settings from Section [EffectsQuality@3] File [E:/unreal/game/Horrorgame/Saved/Config/Windows/Scalability.ini]
[2024.03.28-04.33.30:528][  0]LogConfig: Setting CVar [[r.TranslucencyLightingVolumeDim:64]]
[2024.03.28-04.33.30:528][  0]LogConfig: Setting CVar [[r.RefractionQuality:2]]
[2024.03.28-04.33.30:528][  0]LogConfig: Setting CVar [[r.SSR.Quality:3]]
[2024.03.28-04.33.30:528][  0]LogConfig: Setting CVar [[r.SSR.HalfResSceneColor:0]]
[2024.03.28-04.33.30:528][  0]LogConfig: Setting CVar [[r.SceneColorFormat:4]]
[2024.03.28-04.33.30:528][  0]LogConfig: Setting CVar [[r.DetailMode:2]]
[2024.03.28-04.33.30:528][  0]LogConfig: Setting CVar [[r.TranslucencyVolumeBlur:1]]
[2024.03.28-04.33.30:528][  0]LogConfig: Setting CVar [[r.MaterialQualityLevel:1 ; High quality]]
[2024.03.28-04.33.30:528][  0]LogConfig: Setting CVar [[r.SSS.Scale:1]]
[2024.03.28-04.33.30:528][  0]LogConfig: Setting CVar [[r.SSS.SampleSet:2]]
[2024.03.28-04.33.30:528][  0]LogConfig: Setting CVar [[r.SSS.Quality:1]]
[2024.03.28-04.33.30:528][  0]LogConfig: Setting CVar [[r.SSS.HalfRes:1]]
[2024.03.28-04.33.30:528][  0]LogConfig: Setting CVar [[r.SSGI.Quality:3]]
[2024.03.28-04.33.30:528][  0]LogConfig: Setting CVar [[r.EmitterSpawnRateScale:1.0]]
[2024.03.28-04.33.30:528][  0]LogConfig: Setting CVar [[r.ParticleLightQuality:2]]
[2024.03.28-04.33.30:528][  0]LogConfig: Setting CVar [[r.SkyAtmosphere.AerialPerspectiveLUT.FastApplyOnOpaque:1 ; Always have FastSkyLUT 1 in this case to avoid wrong sky]]
[2024.03.28-04.33.30:528][  0]LogConfig: Setting CVar [[r.SkyAtmosphere.AerialPerspectiveLUT.SampleCountPerSlice:1]]
[2024.03.28-04.33.30:528][  0]LogConfig: Setting CVar [[r.SkyAtmosphere.AerialPerspectiveLUT.DepthResolution:16.0]]
[2024.03.28-04.33.30:528][  0]LogConfig: Setting CVar [[r.SkyAtmosphere.FastSkyLUT:1]]
[2024.03.28-04.33.30:528][  0]LogConfig: Setting CVar [[r.SkyAtmosphere.FastSkyLUT.SampleCountMin:4.0]]
[2024.03.28-04.33.30:528][  0]LogConfig: Setting CVar [[r.SkyAtmosphere.FastSkyLUT.SampleCountMax:32.0]]
[2024.03.28-04.33.30:528][  0]LogConfig: Setting CVar [[r.SkyAtmosphere.SampleCountMin:4.0]]
[2024.03.28-04.33.30:528][  0]LogConfig: Setting CVar [[r.SkyAtmosphere.SampleCountMax:32.0]]
[2024.03.28-04.33.30:528][  0]LogConfig: Setting CVar [[r.SkyAtmosphere.TransmittanceLUT.UseSmallFormat:0]]
[2024.03.28-04.33.30:528][  0]LogConfig: Setting CVar [[r.SkyAtmosphere.TransmittanceLUT.SampleCount:10.0]]
[2024.03.28-04.33.30:528][  0]LogConfig: Setting CVar [[r.SkyAtmosphere.MultiScatteringLUT.SampleCount:15.0]]
[2024.03.28-04.33.30:528][  0]LogConfig: Applying CVar settings from Section [FoliageQuality@3] File [E:/unreal/game/Horrorgame/Saved/Config/Windows/Scalability.ini]
[2024.03.28-04.33.30:528][  0]LogConfig: Setting CVar [[foliage.DensityScale:1.0]]
[2024.03.28-04.33.30:528][  0]LogConfig: Setting CVar [[grass.DensityScale:1.0]]
[2024.03.28-04.33.30:528][  0]LogConfig: Applying CVar settings from Section [ShadingQuality@3] File [E:/unreal/game/Horrorgame/Saved/Config/Windows/Scalability.ini]
[2024.03.28-04.33.30:528][  0]LogConfig: Setting CVar [[r.HairStrands.SkyLighting.SampleCount:16]]
[2024.03.28-04.33.30:528][  0]LogConfig: Setting CVar [[r.HairStrands.SkyLighting.JitterIntegration:0]]
[2024.03.28-04.33.30:528][  0]LogConfig: Setting CVar [[r.HairStrands.SkyAO.SampleCount:16]]
[2024.03.28-04.33.30:528][  0]LogInit: Selected Device Profile: [Windows]
[2024.03.28-04.33.30:528][  0]LogInit: Applying CVar settings loaded from the selected device profile: [Windows]
[2024.03.28-04.33.30:529][  0]LogHAL: Display: Platform has ~ 16 GB [16539615232 / 17179869184 / 16], which maps to Larger [LargestMinGB=32, LargerMinGB=12, DefaultMinGB=8, SmallerMinGB=6, SmallestMinGB=0)
[2024.03.28-04.33.30:530][  0]LogInit: Going up to parent DeviceProfile []
[2024.03.28-04.33.30:530][  0]LogConfig: Applying CVar settings from Section [ViewDistanceQuality@3] File [E:/unreal/game/Horrorgame/Saved/Config/Windows/Scalability.ini]
[2024.03.28-04.33.30:530][  0]LogConfig: Setting CVar [[r.SkeletalMeshLODBias:0]]
[2024.03.28-04.33.30:530][  0]LogConfig: Setting CVar [[r.ViewDistanceScale:1.0]]
[2024.03.28-04.33.30:530][  0]LogConfig: Applying CVar settings from Section [AntiAliasingQuality@3] File [E:/unreal/game/Horrorgame/Saved/Config/Windows/Scalability.ini]
[2024.03.28-04.33.30:530][  0]LogConfig: Setting CVar [[r.PostProcessAAQuality:4]]
[2024.03.28-04.33.30:530][  0]LogConfig: Applying CVar settings from Section [ShadowQuality@3] File [E:/unreal/game/Horrorgame/Saved/Config/Windows/Scalability.ini]
[2024.03.28-04.33.30:530][  0]LogConfig: Setting CVar [[r.LightFunctionQuality:1]]
[2024.03.28-04.33.30:530][  0]LogConfig: Setting CVar [[r.ShadowQuality:5]]
[2024.03.28-04.33.30:530][  0]LogConfig: Setting CVar [[r.Shadow.CSM.MaxCascades:10]]
[2024.03.28-04.33.30:530][  0]LogConfig: Setting CVar [[r.Shadow.MaxResolution:2048]]
[2024.03.28-04.33.30:530][  0]LogConfig: Setting CVar [[r.Shadow.MaxCSMResolution:2048]]
[2024.03.28-04.33.30:530][  0]LogConfig: Setting CVar [[r.Shadow.RadiusThreshold:0.01]]
[2024.03.28-04.33.30:530][  0]LogConfig: Setting CVar [[r.Shadow.DistanceScale:1.0]]
[2024.03.28-04.33.30:530][  0]LogConfig: Setting CVar [[r.Shadow.CSM.TransitionScale:1.0]]
[2024.03.28-04.33.30:530][  0]LogConfig: Setting CVar [[r.Shadow.PreShadowResolutionFactor:1.0]]
[2024.03.28-04.33.30:530][  0]LogConfig: Setting CVar [[r.DistanceFieldShadowing:1]]
[2024.03.28-04.33.30:530][  0]LogConfig: Setting CVar [[r.DistanceFieldAO:1]]
[2024.03.28-04.33.30:530][  0]LogConfig: Setting CVar [[r.AOQuality:2]]
[2024.03.28-04.33.30:530][  0]LogConfig: Setting CVar [[r.VolumetricFog:1]]
[2024.03.28-04.33.30:530][  0]LogConfig: Setting CVar [[r.VolumetricFog.GridPixelSize:8]]
[2024.03.28-04.33.30:530][  0]LogConfig: Setting CVar [[r.VolumetricFog.GridSizeZ:128]]
[2024.03.28-04.33.30:530][  0]LogConfig: Setting CVar [[r.VolumetricFog.HistoryMissSupersampleCount:4]]
[2024.03.28-04.33.30:530][  0]LogConfig: Setting CVar [[r.LightMaxDrawDistanceScale:1]]
[2024.03.28-04.33.30:530][  0]LogConfig: Setting CVar [[r.CapsuleShadows:1]]
[2024.03.28-04.33.30:530][  0]LogConfig: Applying CVar settings from Section [PostProcessQuality@3] File [E:/unreal/game/Horrorgame/Saved/Config/Windows/Scalability.ini]
[2024.03.28-04.33.30:530][  0]LogConfig: Setting CVar [[r.MotionBlurQuality:4]]
[2024.03.28-04.33.30:530][  0]LogConfig: Setting CVar [[r.AmbientOcclusionMipLevelFactor:0.4]]
[2024.03.28-04.33.30:530][  0]LogConfig: Setting CVar [[r.AmbientOcclusionMaxQuality:100]]
[2024.03.28-04.33.30:530][  0]LogConfig: Setting CVar [[r.AmbientOcclusionLevels:-1]]
[2024.03.28-04.33.30:530][  0]LogConfig: Setting CVar [[r.AmbientOcclusionRadiusScale:1.0]]
[2024.03.28-04.33.30:530][  0]LogConfig: Setting CVar [[r.DepthOfFieldQuality:2]]
[2024.03.28-04.33.30:530][  0]LogConfig: Setting CVar [[r.RenderTargetPoolMin:400]]
[2024.03.28-04.33.30:530][  0]LogConfig: Setting CVar [[r.LensFlareQuality:2]]
[2024.03.28-04.33.30:530][  0]LogConfig: Setting CVar [[r.SceneColorFringeQuality:1]]
[2024.03.28-04.33.30:530][  0]LogConfig: Setting CVar [[r.EyeAdaptationQuality:2]]
[2024.03.28-04.33.30:530][  0]LogConfig: Setting CVar [[r.BloomQuality:5]]
[2024.03.28-04.33.30:530][  0]LogConfig: Setting CVar [[r.FastBlurThreshold:100]]
[2024.03.28-04.33.30:530][  0]LogConfig: Setting CVar [[r.Upscale.Quality:3]]
[2024.03.28-04.33.30:530][  0]LogConfig: Setting CVar [[r.Tonemapper.GrainQuantization:1]]
[2024.03.28-04.33.30:530][  0]LogConfig: Setting CVar [[r.LightShaftQuality:1]]
[2024.03.28-04.33.30:530][  0]LogConfig: Setting CVar [[r.Filter.SizeScale:1]]
[2024.03.28-04.33.30:530][  0]LogConfig: Setting CVar [[r.Tonemapper.Quality:5]]
[2024.03.28-04.33.30:530][  0]LogConfig: Setting CVar [[r.DOF.Gather.AccumulatorQuality:1        ; higher gathering accumulator quality]]
[2024.03.28-04.33.30:530][  0]LogConfig: Setting CVar [[r.DOF.Gather.PostfilterMethod:1          ; Median3x3 postfilering method]]
[2024.03.28-04.33.30:530][  0]LogConfig: Setting CVar [[r.DOF.Gather.EnableBokehSettings:0       ; no bokeh simulation when gathering]]
[2024.03.28-04.33.30:530][  0]LogConfig: Setting CVar [[r.DOF.Gather.RingCount:4                 ; medium number of samples when gathering]]
[2024.03.28-04.33.30:530][  0]LogConfig: Setting CVar [[r.DOF.Scatter.ForegroundCompositing:1    ; additive foreground scattering]]
[2024.03.28-04.33.30:530][  0]LogConfig: Setting CVar [[r.DOF.Scatter.BackgroundCompositing:2    ; additive background scattering]]
[2024.03.28-04.33.30:530][  0]LogConfig: Setting CVar [[r.DOF.Scatter.EnableBokehSettings:1      ; bokeh simulation when scattering]]
[2024.03.28-04.33.30:530][  0]LogConfig: Setting CVar [[r.DOF.Scatter.MaxSpriteRatio:0.1         ; only a maximum of 10% of scattered bokeh]]
[2024.03.28-04.33.30:530][  0]LogConfig: Setting CVar [[r.DOF.Recombine.Quality:1                ; cheap slight out of focus]]
[2024.03.28-04.33.30:530][  0]LogConfig: Setting CVar [[r.DOF.Recombine.EnableBokehSettings:0    ; no bokeh simulation on slight out of focus]]
[2024.03.28-04.33.30:530][  0]LogConfig: Setting CVar [[r.DOF.TemporalAAQuality:1                ; more stable temporal accumulation]]
[2024.03.28-04.33.30:530][  0]LogConfig: Setting CVar [[r.DOF.Kernel.MaxForegroundRadius:0.025]]
[2024.03.28-04.33.30:530][  0]LogConfig: Setting CVar [[r.DOF.Kernel.MaxBackgroundRadius:0.025]]
[2024.03.28-04.33.30:530][  0]LogConfig: Applying CVar settings from Section [TextureQuality@3] File [E:/unreal/game/Horrorgame/Saved/Config/Windows/Scalability.ini]
[2024.03.28-04.33.30:530][  0]LogConfig: Setting CVar [[r.Streaming.MipBias:0]]
[2024.03.28-04.33.30:530][  0]LogConfig: Setting CVar [[r.Streaming.AmortizeCPUToGPUCopy:0]]
[2024.03.28-04.33.30:530][  0]LogConfig: Setting CVar [[r.Streaming.MaxNumTexturesToStreamPerFrame:0]]
[2024.03.28-04.33.30:530][  0]LogConfig: Setting CVar [[r.Streaming.Boost:1]]
[2024.03.28-04.33.30:530][  0]LogConfig: Setting CVar [[r.MaxAnisotropy:8]]
[2024.03.28-04.33.30:530][  0]LogConfig: Setting CVar [[r.VT.MaxAnisotropy:8]]
[2024.03.28-04.33.30:530][  0]LogConfig: Setting CVar [[r.Streaming.LimitPoolSizeToVRAM:0]]
[2024.03.28-04.33.30:530][  0]LogConfig: Setting CVar [[r.Streaming.PoolSize:1000]]
[2024.03.28-04.33.30:530][  0]LogConfig: Setting CVar [[r.Streaming.MaxEffectiveScreenSize:0]]
[2024.03.28-04.33.30:530][  0]LogConfig: Applying CVar settings from Section [EffectsQuality@3] File [E:/unreal/game/Horrorgame/Saved/Config/Windows/Scalability.ini]
[2024.03.28-04.33.30:530][  0]LogConfig: Setting CVar [[r.TranslucencyLightingVolumeDim:64]]
[2024.03.28-04.33.30:530][  0]LogConfig: Setting CVar [[r.RefractionQuality:2]]
[2024.03.28-04.33.30:530][  0]LogConfig: Setting CVar [[r.SSR.Quality:3]]
[2024.03.28-04.33.30:530][  0]LogConfig: Setting CVar [[r.SSR.HalfResSceneColor:0]]
[2024.03.28-04.33.30:530][  0]LogConfig: Setting CVar [[r.SceneColorFormat:4]]
[2024.03.28-04.33.30:530][  0]LogConfig: Setting CVar [[r.DetailMode:2]]
[2024.03.28-04.33.30:530][  0]LogConfig: Setting CVar [[r.TranslucencyVolumeBlur:1]]
[2024.03.28-04.33.30:530][  0]LogConfig: Setting CVar [[r.MaterialQualityLevel:1 ; High quality]]
[2024.03.28-04.33.30:530][  0]LogConfig: Setting CVar [[r.SSS.Scale:1]]
[2024.03.28-04.33.30:530][  0]LogConfig: Setting CVar [[r.SSS.SampleSet:2]]
[2024.03.28-04.33.30:530][  0]LogConfig: Setting CVar [[r.SSS.Quality:1]]
[2024.03.28-04.33.30:530][  0]LogConfig: Setting CVar [[r.SSS.HalfRes:1]]
[2024.03.28-04.33.30:530][  0]LogConfig: Setting CVar [[r.SSGI.Quality:3]]
[2024.03.28-04.33.30:530][  0]LogConfig: Setting CVar [[r.EmitterSpawnRateScale:1.0]]
[2024.03.28-04.33.30:530][  0]LogConfig: Setting CVar [[r.ParticleLightQuality:2]]
[2024.03.28-04.33.30:530][  0]LogConfig: Setting CVar [[r.SkyAtmosphere.AerialPerspectiveLUT.FastApplyOnOpaque:1 ; Always have FastSkyLUT 1 in this case to avoid wrong sky]]
[2024.03.28-04.33.30:530][  0]LogConfig: Setting CVar [[r.SkyAtmosphere.AerialPerspectiveLUT.SampleCountPerSlice:1]]
[2024.03.28-04.33.30:530][  0]LogConfig: Setting CVar [[r.SkyAtmosphere.AerialPerspectiveLUT.DepthResolution:16.0]]
[2024.03.28-04.33.30:530][  0]LogConfig: Setting CVar [[r.SkyAtmosphere.FastSkyLUT:1]]
[2024.03.28-04.33.30:530][  0]LogConfig: Setting CVar [[r.SkyAtmosphere.FastSkyLUT.SampleCountMin:4.0]]
[2024.03.28-04.33.30:530][  0]LogConfig: Setting CVar [[r.SkyAtmosphere.FastSkyLUT.SampleCountMax:32.0]]
[2024.03.28-04.33.30:530][  0]LogConfig: Setting CVar [[r.SkyAtmosphere.SampleCountMin:4.0]]
[2024.03.28-04.33.30:530][  0]LogConfig: Setting CVar [[r.SkyAtmosphere.SampleCountMax:32.0]]
[2024.03.28-04.33.30:530][  0]LogConfig: Setting CVar [[r.SkyAtmosphere.TransmittanceLUT.UseSmallFormat:0]]
[2024.03.28-04.33.30:530][  0]LogConfig: Setting CVar [[r.SkyAtmosphere.TransmittanceLUT.SampleCount:10.0]]
[2024.03.28-04.33.30:530][  0]LogConfig: Setting CVar [[r.SkyAtmosphere.MultiScatteringLUT.SampleCount:15.0]]
[2024.03.28-04.33.30:530][  0]LogConfig: Applying CVar settings from Section [FoliageQuality@3] File [E:/unreal/game/Horrorgame/Saved/Config/Windows/Scalability.ini]
[2024.03.28-04.33.30:530][  0]LogConfig: Setting CVar [[foliage.DensityScale:1.0]]
[2024.03.28-04.33.30:530][  0]LogConfig: Setting CVar [[grass.DensityScale:1.0]]
[2024.03.28-04.33.30:530][  0]LogConfig: Applying CVar settings from Section [ShadingQuality@3] File [E:/unreal/game/Horrorgame/Saved/Config/Windows/Scalability.ini]
[2024.03.28-04.33.30:530][  0]LogConfig: Setting CVar [[r.HairStrands.SkyLighting.SampleCount:16]]
[2024.03.28-04.33.30:530][  0]LogConfig: Setting CVar [[r.HairStrands.SkyLighting.JitterIntegration:0]]
[2024.03.28-04.33.30:530][  0]LogConfig: Setting CVar [[r.HairStrands.SkyAO.SampleCount:16]]
[2024.03.28-04.33.30:530][  0]LogConfig: Applying CVar settings from Section [Startup] File [../../../Engine/Config/ConsoleVariables.ini]
[2024.03.28-04.33.30:531][  0]LogConfig: Setting CVar [[net.UseAdaptiveNetUpdateFrequency:0]]
[2024.03.28-04.33.30:531][  0]LogConfig: Setting CVar [[p.chaos.AllowCreatePhysxBodies:1]]
[2024.03.28-04.33.30:531][  0]LogConfig: Applying CVar settings from Section [ConsoleVariables] File [E:/unreal/game/Horrorgame/Saved/Config/Windows/Engine.ini]
[2024.03.28-04.33.30:531][  0]LogInit: Computer: LAPTOP-IVRLO7U3
[2024.03.28-04.33.30:531][  0]LogInit: User: ASUS
[2024.03.28-04.33.30:531][  0]LogInit: CPU Page size=4096, Cores=8
[2024.03.28-04.33.30:531][  0]LogInit: High frequency timer resolution =10.000000 MHz
[2024.03.28-04.33.30:531][  0]LogMemory: Memory total: Physical=15.4GB (16GB approx)
[2024.03.28-04.33.30:531][  0]LogMemory: Platform Memory Stats for Windows
[2024.03.28-04.33.30:531][  0]LogMemory: Process Physical Memory: 107.70 MB used, 107.70 MB peak
[2024.03.28-04.33.30:531][  0]LogMemory: Process Virtual Memory: 102.23 MB used, 102.23 MB peak
[2024.03.28-04.33.30:531][  0]LogMemory: Physical Memory: 9077.66 MB used,  6695.75 MB free, 15773.41 MB total
[2024.03.28-04.33.30:531][  0]LogMemory: Virtual Memory: 5186.72 MB used,  134212544.00 MB free, 134217728.00 MB total
[2024.03.28-04.33.30:533][  0]LogWindows: WindowsPlatformFeatures enabled
[2024.03.28-04.33.30:561][  0]LogInit: Using OS detected language (en-US).
[2024.03.28-04.33.30:561][  0]LogInit: Using OS detected locale (en-US).
[2024.03.28-04.33.30:562][  0]LogTextLocalizationManager: No specific localization for 'en-US' exists, so the 'en' localization will be used.
[2024.03.28-04.33.30:711][  0]LogSlate: New Slate User Created.  User Index 0, Is Virtual User: 0
[2024.03.28-04.33.30:711][  0]LogSlate: Slate User Registered.  User Index 0, Is Virtual User: 0
[2024.03.28-04.33.30:756][  0]LogD3D11RHI: D3D11 min allowed feature level: 11_0
[2024.03.28-04.33.30:756][  0]LogD3D11RHI: D3D11 max allowed feature level: 11_0
[2024.03.28-04.33.30:756][  0]LogD3D11RHI: D3D11 adapters:
[2024.03.28-04.33.30:866][  0]LogD3D11RHI:    0. 'NVIDIA GeForce RTX 3060 Laptop GPU' (Feature Level 11_0)
[2024.03.28-04.33.30:866][  0]LogD3D11RHI:       6010/0/7886 MB DedicatedVideo/DedicatedSystem/SharedSystem, Outputs:1, VendorId:0x10de
[2024.03.28-04.33.30:907][  0]LogD3D11RHI:    1. 'AMD Radeon(TM) Graphics' (Feature Level 11_0)
[2024.03.28-04.33.30:907][  0]LogD3D11RHI:       496/0/7886 MB DedicatedVideo/DedicatedSystem/SharedSystem, Outputs:0, VendorId:0x1002
[2024.03.28-04.33.30:909][  0]LogD3D11RHI:    2. 'Microsoft Basic Render Driver' (Feature Level 11_0)
[2024.03.28-04.33.30:909][  0]LogD3D11RHI:       0/0/7886 MB DedicatedVideo/DedicatedSystem/SharedSystem, Outputs:0, VendorId:0x1414
[2024.03.28-04.33.30:909][  0]LogD3D11RHI: Chosen D3D11 Adapter: 0
[2024.03.28-04.33.30:915][  0]LogD3D11RHI: Creating new Direct3DDevice
[2024.03.28-04.33.30:915][  0]LogD3D11RHI:     GPU DeviceId: 0x2520 (for the marketing name, search the web for "GPU Device Id")
[2024.03.28-04.33.30:915][  0]LogWindows: EnumDisplayDevices:
[2024.03.28-04.33.30:915][  0]LogWindows:    0. 'AMD Radeon(TM) Graphics' (P:1 D:1)
[2024.03.28-04.33.30:915][  0]LogWindows:    1. 'AMD Radeon(TM) Graphics' (P:0 D:0)
[2024.03.28-04.33.30:916][  0]LogWindows:    2. 'AMD Radeon(TM) Graphics' (P:0 D:0)
[2024.03.28-04.33.30:916][  0]LogWindows:    3. 'NVIDIA GeForce RTX 3060 Laptop GPU' (P:0 D:0)
[2024.03.28-04.33.30:916][  0]LogWindows:    4. 'NVIDIA GeForce RTX 3060 Laptop GPU' (P:0 D:0)
[2024.03.28-04.33.30:916][  0]LogWindows:    5. 'NVIDIA GeForce RTX 3060 Laptop GPU' (P:0 D:0)
[2024.03.28-04.33.30:916][  0]LogWindows:    6. 'NVIDIA GeForce RTX 3060 Laptop GPU' (P:0 D:0)
[2024.03.28-04.33.30:916][  0]LogWindows: DebugString: PrimaryIsNotTheChoosenAdapter PrimaryIsNotTheChoosenAdapter PrimaryIsNotTheChoosenAdapter FoundDriverCount:4 
[2024.03.28-04.33.30:916][  0]LogD3D11RHI:     Adapter Name: NVIDIA GeForce RTX 3060 Laptop GPU
[2024.03.28-04.33.30:916][  0]LogD3D11RHI:   Driver Version: 546.17 (internal:31.0.15.4617, unified:546.17)
[2024.03.28-04.33.30:916][  0]LogD3D11RHI:      Driver Date: 11-9-2023
[2024.03.28-04.33.30:916][  0]LogRHI: Texture pool is 4207 MB (70% of 6010 MB)
[2024.03.28-04.33.30:984][  0]LogD3D11RHI: RHI has support for 64 bit atomics
[2024.03.28-04.33.30:984][  0]LogD3D11RHI: Async texture creation enabled
[2024.03.28-04.33.30:997][  0]LogD3D11RHI: GPU Timing Frequency: 1000.000000 (Debug: 2 1)
[2024.03.28-04.33.31:228][  0]LogTargetPlatformManager: Display: Loaded TargetPlatform 'WindowsNoEditor'
[2024.03.28-04.33.31:230][  0]LogTargetPlatformManager: Display: Loaded TargetPlatform 'Windows'
[2024.03.28-04.33.31:236][  0]LogTargetPlatformManager: Display: Loaded TargetPlatform 'WindowsClient'
[2024.03.28-04.33.31:241][  0]LogTargetPlatformManager: Display: Loaded TargetPlatform 'WindowsServer'
[2024.03.28-04.33.31:241][  0]LogTargetPlatformManager: Display: Building Assets For Windows
[2024.03.28-04.33.31:242][  0]LogAudioDebug: Display: Lib vorbis DLL was dynamically loaded.
[2024.03.28-04.33.31:255][  0]LogShaderCompilers: Guid format shader working directory is 8 characters bigger than the processId version (../../../../../unreal/game/Horrorgame/Intermediate/Shaders/WorkingDirectory/8672/).
[2024.03.28-04.33.31:256][  0]LogShaderCompilers: Cleaned the shader compiler working directory 'C:/Users/ASUS/AppData/Local/Temp/UnrealShaderWorkingDir/A73A485E4505CDEAA49C56A1739FFA6E/'.
[2024.03.28-04.33.31:256][  0]LogXGEController: Cannot use XGE Controller as Incredibuild is not installed on this machine.
[2024.03.28-04.33.31:256][  0]LogShaderCompilers: Cannot use XGE Shader Compiler as Incredibuild is not installed on this machine.
[2024.03.28-04.33.31:256][  0]LogShaderCompilers: Display: Using Local Shader Compiler.
[2024.03.28-04.33.31:832][  0]LogDerivedDataCache: Display: Max Cache Size: 512 MB
[2024.03.28-04.33.31:869][  0]LogDerivedDataCache: Loaded boot cache 0.04s 78MB C:/Users/ASUS/AppData/Local/UnrealEngine/4.24/DerivedDataCache/Boot.ddc.
[2024.03.28-04.33.31:869][  0]LogDerivedDataCache: Display: Loaded Boot cache: C:/Users/ASUS/AppData/Local/UnrealEngine/4.24/DerivedDataCache/Boot.ddc
[2024.03.28-04.33.31:869][  0]LogDerivedDataCache: FDerivedDataBackendGraph:  Pak pak cache file ../../../../../unreal/game/Horrorgame/DerivedDataCache/DDC.ddp not found, will not use a pak cache.
[2024.03.28-04.33.31:869][  0]LogDerivedDataCache: Unable to find inner node Pak for hierarchical cache Hierarchy.
[2024.03.28-04.33.31:869][  0]LogDerivedDataCache: FDerivedDataBackendGraph:  CompressedPak pak cache file ../../../../../unreal/game/Horrorgame/DerivedDataCache/Compressed.ddp not found, will not use a pak cache.
[2024.03.28-04.33.31:869][  0]LogDerivedDataCache: Unable to find inner node CompressedPak for hierarchical cache Hierarchy.
[2024.03.28-04.33.31:878][  0]LogDerivedDataCache: Display: Pak cache opened for reading ../../../Engine/DerivedDataCache/Compressed.ddp.
[2024.03.28-04.33.31:878][  0]LogDerivedDataCache: FDerivedDataBackendGraph:  EnterprisePak pak cache file ../../../Enterprise/DerivedDataCache/Compressed.ddp not found, will not use a pak cache.
[2024.03.28-04.33.31:878][  0]LogDerivedDataCache: Unable to find inner node EnterprisePak for hierarchical cache Hierarchy.
[2024.03.28-04.33.31:880][  0]LogDerivedDataCache: Using Local data cache path C:/Users/ASUS/AppData/Local/UnrealEngine/Common/DerivedDataCache: Writable
[2024.03.28-04.33.31:880][  0]LogDerivedDataCache: Shared data cache path not found in *engine.ini, will not use an Shared cache.
[2024.03.28-04.33.31:880][  0]LogDerivedDataCache: Unable to find inner node Shared for hierarchical cache Hierarchy.
[2024.03.28-04.33.31:899][  0]LogMaterial: Verifying Global Shaders for PCD3D_SM5
[2024.03.28-04.33.31:901][  0]LogSlate: Using FreeType 2.10.0
[2024.03.28-04.33.31:902][  0]LogSlate: SlateFontServices - WITH_FREETYPE: 1, WITH_HARFBUZZ: 1
[2024.03.28-04.33.32:059][  0]LogInit: Using OS detected language (en-US).
[2024.03.28-04.33.32:059][  0]LogInit: Using OS detected locale (en-US).
[2024.03.28-04.33.32:059][  0]LogTextLocalizationManager: No localization for 'en-US' exists, so 'en' will be used for the language.
[2024.03.28-04.33.32:059][  0]LogTextLocalizationManager: No localization for 'en-US' exists, so 'en' will be used for the locale.
[2024.03.28-04.33.32:059][  0]LogSlate: FontCache flush requested. Reason: Culture for localization was changed
[2024.03.28-04.33.32:059][  0]LogSlate: FontCache flush requested. Reason: Culture for localization was changed
[2024.03.28-04.33.32:060][  0]LogTextLocalizationManager: Compacting localization data took   0.00ms
[2024.03.28-04.33.32:062][  0]LogAssetRegistry: FAssetRegistry took 0.0014 seconds to start up
[2024.03.28-04.33.32:264][  0]LogPackageLocalizationCache: Processed 9 localized package path(s) for 1 prioritized culture(s) in 0.000495 seconds
[2024.03.28-04.33.32:308][  0]LogInit: Selected Device Profile: [Windows]
[2024.03.28-04.33.32:329][  0]LogMeshReduction: Using QuadricMeshReduction for automatic static mesh reduction
[2024.03.28-04.33.32:329][  0]LogMeshReduction: Using SimplygonMeshReduction for automatic skeletal mesh reduction
[2024.03.28-04.33.32:329][  0]LogMeshReduction: Using ProxyLODMeshReduction for automatic mesh merging
[2024.03.28-04.33.32:329][  0]LogMeshReduction: No distributed automatic mesh merging module available
[2024.03.28-04.33.32:329][  0]LogMeshMerging: No distributed automatic mesh merging module available
[2024.03.28-04.33.32:412][  0]LogNetVersion: Horrorgame 1.0.0, NetCL: 10570792, EngineNetVer: 13, GameNetVer: 0 (Checksum: 3645283032)
[2024.03.28-04.33.32:803][  0]LogMoviePlayer: Initializing movie player
[2024.03.28-04.33.32:887][  0]LogTcpMessaging: Initializing TcpMessaging bridge
[2024.03.28-04.33.32:889][  0]LogUdpMessaging: Initializing bridge on interface 0.0.0.0:0 to multicast group 230.0.0.1:6666.
[2024.03.28-04.33.32:907][  0]SourceControl: Source control is disabled
[2024.03.28-04.33.32:907][  0]SourceControl: Source control is disabled
[2024.03.28-04.33.32:907][  0]SourceControl: Source control is disabled
[2024.03.28-04.33.32:910][  0]LogVSAccessor: Display: Unable to create Visual Studio setup instance: 80040154
[2024.03.28-04.33.32:911][  0]LogVSAccessor: Display: Unable to create Visual Studio setup instance: 80040154
[2024.03.28-04.33.32:926][  0]LogAndroidPermission: UAndroidPermissionCallbackProxy::GetInstance
[2024.03.28-04.33.32:931][  0]LogAudioCaptureCore: Display: No Audio Capture implementations found. Audio input will be silent.
[2024.03.28-04.33.32:931][  0]LogAudioCaptureCore: Display: No Audio Capture implementations found. Audio input will be silent.
[2024.03.28-04.33.32:978][  0]LogOcInput: OculusInput pre-init called
[2024.03.28-04.33.32:993][  0]LogUObjectArray: 52400 objects as part of root set at end of initial load.
[2024.03.28-04.33.32:993][  0]LogUObjectAllocator: 9278272 out of 0 bytes used by permanent object pool.
[2024.03.28-04.33.32:993][  0]LogUObjectArray: CloseDisregardForGC: 0/0 objects in disregard for GC pool
[2024.03.28-04.33.33:041][  0]LogEngine: Initializing Engine...
[2024.03.28-04.33.33:043][  0]LogStats: UGameplayTagsManager::InitializeManager -  0.000 s
[2024.03.28-04.33.33:183][  0]LogInit: Initializing FReadOnlyCVARCache
[2024.03.28-04.33.33:184][  0]LogAudioMixer: Display: Audio Mixer Platform Settings:
[2024.03.28-04.33.33:184][  0]LogAudioMixer: Display: 	Sample Rate:						  48000
[2024.03.28-04.33.33:184][  0]LogAudioMixer: Display: 	Callback Buffer Frame Size Requested: 1024
[2024.03.28-04.33.33:184][  0]LogAudioMixer: Display: 	Callback Buffer Frame Size To Use:	  1024
[2024.03.28-04.33.33:184][  0]LogAudioMixer: Display: 	Number of buffers to queue:			  2
[2024.03.28-04.33.33:184][  0]LogAudioMixer: Display: 	Max Channels (voices):				  32
[2024.03.28-04.33.33:184][  0]LogAudioMixer: Display: 	Number of Async Source Workers:		  0
[2024.03.28-04.33.33:184][  0]LogAudio: Display: AudioDevice MaxSources: 32
[2024.03.28-04.33.33:184][  0]LogAudio: Display: Using built-in audio occlusion.
[2024.03.28-04.33.33:184][  0]LogAudioMixer: Display: Initializing audio mixer.
[2024.03.28-04.33.33:200][  0]LogAudioMixer: Display: Audio Device Output Speaker Info:
[2024.03.28-04.33.33:200][  0]LogAudioMixer: Display: Name: Headphones (Realtek(R) Audio)
[2024.03.28-04.33.33:200][  0]LogAudioMixer: Display: Is Default: Yes
[2024.03.28-04.33.33:200][  0]LogAudioMixer: Display: Sample Rate: 48000
[2024.03.28-04.33.33:200][  0]LogAudioMixer: Display: Channel Count Used: 2
[2024.03.28-04.33.33:200][  0]LogAudioMixer: Display: Device Channel Count: 2
[2024.03.28-04.33.33:200][  0]LogAudioMixer: Display: Channel Order:
[2024.03.28-04.33.33:200][  0]LogAudioMixer: Display: 0: FrontLeft
[2024.03.28-04.33.33:200][  0]LogAudioMixer: Display: 1: FrontRight
[2024.03.28-04.33.33:289][  0]LogAudioMixer: Display: Using Audio Device Headphones (Realtek(R) Audio)
[2024.03.28-04.33.33:293][  0]LogInit: FAudioDevice initialized.
[2024.03.28-04.33.33:294][  0]LogNetVersion: Set ProjectVersion to 1.0.0.0. Version Checksum will be recalculated on next use.
[2024.03.28-04.33.33:295][  0]LogInit: Texture streaming: Enabled
[2024.03.28-04.33.33:390][  0]LogSlate: Updating window title bar state: overlay mode, drag disabled, window buttons hidden, title bar hidden
[2024.03.28-04.33.33:390][  0]LogInit: Display: Game Engine Initialized.
[2024.03.28-04.33.33:397][  0]LogInit: Display: Starting Game.
[2024.03.28-04.33.33:399][  0]LogNet: Browse: /Game/Maps/lvl1?Name=Player
[2024.03.28-04.33.33:399][  0]LogLoad: LoadMap: /Game/Maps/lvl1?Name=Player
[2024.03.28-04.33.33:399][  0]LogWorld: BeginTearingDown for /Temp/Untitled_0
[2024.03.28-04.33.33:399][  0]LogWorld: UWorld::CleanupWorld for Untitled, bSessionEnded=true, bCleanupResources=true
[2024.03.28-04.33.33:400][  0]LogSlate: InvalidateAllWidgets triggered.  All widgets were invalidated
[2024.03.28-04.33.33:431][  0]LogAudioMixer: Display: No commands were queued while flushing the source manager.
[2024.03.28-04.33.33:432][  0]LogUObjectHash: Compacting FUObjectHashTables data took   1.38ms
[2024.03.28-04.33.33:472][  0]LogProperty: Error: UStructProperty::Serialize Loading: Property 'StructProperty /Game/UMG/Inventory/W_InventoryMenu.W_InventoryMenu_C:ShowItemInfo.ItemData'. Unknown structure.
[2024.03.28-04.33.33:472][  0]LogProperty: Error: UStructProperty::Serialize Loading: Property 'StructProperty /Game/UMG/Inventory/W_InventoryMenu.W_InventoryMenu_C:ExecuteUbergraph_W_InventoryMenu.K2Node_CustomEvent_ItemData'. Unknown structure.
[2024.03.28-04.33.33:473][  0]LogProperty: Error: UStructProperty::Serialize Loading: Property 'StructProperty /Game/UMG/Inventory/W_InventorySlot.W_InventorySlot_C:ItemData'. Unknown structure.
[2024.03.28-04.33.33:489][  0]LogClass: Warning: Property ItemData of ItemData has a struct type mismatch (tag STRUCT_REINST_S_ItemData_0 != prop FallbackStruct) in package:  ../../../../../unreal/game/Horrorgame/Content/UMG/Inventory/W_InventorySlot.uasset. If that struct got renamed, add an entry to ActiveStructRedirects.
[2024.03.28-04.33.33:645][  0]LogBlueprint: Warning: [Compiler Bproomtarget] Set Radius  was pruned because its Exec pin is not connected, the connected value is not available and will instead be read as default
[2024.03.28-04.33.33:691][  0]LogBlueprint: Warning: [Compiler BTlastplayerlocation] 'Player Controller' does not inherit from 'Character' ( Cast To PlayerController  would always fail).
[2024.03.28-04.33.33:754][  0]LogClass: Warning: Property ItemData of ItemData has a struct type mismatch (tag FallbackStruct != prop S_ItemData) in package:  FObjectReader. If that struct got renamed, add an entry to ActiveStructRedirects.
[2024.03.28-04.33.34:710][  0]LogAIModule: Creating AISystem for world lvl1
[2024.03.28-04.33.34:710][  0]LogLoad: Game class is 'L1_GameMode_C'
[2024.03.28-04.33.34:712][  0]LogPhysics: Warning: Scale for /Game/Maps/lvl1.lvl1:PersistentLevel.BP_Interaction_Door_2.StaticMesh has a component set to zero, which will result in a bad body instance. Scale:X=0.000 Y=1.000 Z=1.000
[2024.03.28-04.33.34:712][  0]LogPhysics: Warning: PopulatePhysXGeometryAndTransform(Convex): ConvexElem has invalid transform
[2024.03.28-04.33.34:712][  0]LogPhysics: Warning: ForeachShape(Convex): ScaledElem[0] invalid
[2024.03.28-04.33.34:712][  0]LogPhysics: Warning: PopulatePhysXGeometryAndTransform(Convex): ConvexElem has invalid transform
[2024.03.28-04.33.34:712][  0]LogPhysics: Warning: ForeachShape(Convex): ScaledElem[1] invalid
[2024.03.28-04.33.34:712][  0]LogPhysics: Warning: PopulatePhysXGeometryAndTransform(Convex): ConvexElem has invalid transform
[2024.03.28-04.33.34:712][  0]LogPhysics: Warning: ForeachShape(Convex): ScaledElem[2] invalid
[2024.03.28-04.33.34:712][  0]LogPhysics: Warning: Scale for /Game/Maps/lvl1.lvl1:PersistentLevel.BP_Interaction_Door_2.StaticMesh1 has a component set to zero, which will result in a bad body instance. Scale:X=0.000 Y=1.000 Z=1.000
[2024.03.28-04.33.34:713][  0]LogPhysics: Warning: Scale for /Game/Maps/lvl1.lvl1:PersistentLevel.BP_Interaction_Door2.StaticMesh has a component set to zero, which will result in a bad body instance. Scale:X=0.000 Y=1.000 Z=1.000
[2024.03.28-04.33.34:713][  0]LogPhysics: Warning: PopulatePhysXGeometryAndTransform(Convex): ConvexElem has invalid transform
[2024.03.28-04.33.34:713][  0]LogPhysics: Warning: ForeachShape(Convex): ScaledElem[0] invalid
[2024.03.28-04.33.34:713][  0]LogPhysics: Warning: PopulatePhysXGeometryAndTransform(Convex): ConvexElem has invalid transform
[2024.03.28-04.33.34:713][  0]LogPhysics: Warning: ForeachShape(Convex): ScaledElem[1] invalid
[2024.03.28-04.33.34:713][  0]LogPhysics: Warning: PopulatePhysXGeometryAndTransform(Convex): ConvexElem has invalid transform
[2024.03.28-04.33.34:713][  0]LogPhysics: Warning: ForeachShape(Convex): ScaledElem[2] invalid
[2024.03.28-04.33.34:713][  0]LogPhysics: Warning: Scale for /Game/Maps/lvl1.lvl1:PersistentLevel.BP_Interaction_Door2.StaticMesh1 has a component set to zero, which will result in a bad body instance. Scale:X=0.000 Y=1.000 Z=1.000
[2024.03.28-04.33.34:713][  0]LogPhysics: Warning: Scale for /Game/Maps/lvl1.lvl1:PersistentLevel.BP_Interaction_Door3.StaticMesh has a component set to zero, which will result in a bad body instance. Scale:X=0.000 Y=1.000 Z=1.000
[2024.03.28-04.33.34:713][  0]LogPhysics: Warning: PopulatePhysXGeometryAndTransform(Convex): ConvexElem has invalid transform
[2024.03.28-04.33.34:713][  0]LogPhysics: Warning: ForeachShape(Convex): ScaledElem[0] invalid
[2024.03.28-04.33.34:713][  0]LogPhysics: Warning: PopulatePhysXGeometryAndTransform(Convex): ConvexElem has invalid transform
[2024.03.28-04.33.34:713][  0]LogPhysics: Warning: ForeachShape(Convex): ScaledElem[1] invalid
[2024.03.28-04.33.34:713][  0]LogPhysics: Warning: PopulatePhysXGeometryAndTransform(Convex): ConvexElem has invalid transform
[2024.03.28-04.33.34:713][  0]LogPhysics: Warning: ForeachShape(Convex): ScaledElem[2] invalid
[2024.03.28-04.33.34:713][  0]LogPhysics: Warning: Scale for /Game/Maps/lvl1.lvl1:PersistentLevel.BP_Interaction_Door3.StaticMesh1 has a component set to zero, which will result in a bad body instance. Scale:X=0.000 Y=1.000 Z=1.000
[2024.03.28-04.33.34:718][  0]LogPhysics: Warning: Scale for /Game/Maps/lvl1.lvl1:PersistentLevel.BP_Interaction_Door_2.StaticMesh has a component set to zero, which will result in a bad body instance. Scale:X=0.000 Y=1.000 Z=1.000
[2024.03.28-04.33.34:718][  0]LogPhysics: Warning: PopulatePhysXGeometryAndTransform(Convex): ConvexElem has invalid transform
[2024.03.28-04.33.34:718][  0]LogPhysics: Warning: ForeachShape(Convex): ScaledElem[0] invalid
[2024.03.28-04.33.34:718][  0]LogPhysics: Warning: PopulatePhysXGeometryAndTransform(Convex): ConvexElem has invalid transform
[2024.03.28-04.33.34:718][  0]LogPhysics: Warning: ForeachShape(Convex): ScaledElem[1] invalid
[2024.03.28-04.33.34:718][  0]LogPhysics: Warning: PopulatePhysXGeometryAndTransform(Convex): ConvexElem has invalid transform
[2024.03.28-04.33.34:718][  0]LogPhysics: Warning: ForeachShape(Convex): ScaledElem[2] invalid
[2024.03.28-04.33.34:718][  0]LogPhysics: Warning: Scale for /Game/Maps/lvl1.lvl1:PersistentLevel.BP_Interaction_Door_2.StaticMesh1 has a component set to zero, which will result in a bad body instance. Scale:X=0.000 Y=1.000 Z=1.000
[2024.03.28-04.33.34:718][  0]LogPhysics: Warning: Scale for /Game/Maps/lvl1.lvl1:PersistentLevel.BP_Interaction_Door_2.StaticMesh has a component set to zero, which will result in a bad body instance. Scale:X=0.000 Y=1.000 Z=1.000
[2024.03.28-04.33.34:718][  0]LogPhysics: Warning: PopulatePhysXGeometryAndTransform(Convex): ConvexElem has invalid transform
[2024.03.28-04.33.34:719][  0]LogPhysics: Warning: ForeachShape(Convex): ScaledElem[0] invalid
[2024.03.28-04.33.34:719][  0]LogPhysics: Warning: PopulatePhysXGeometryAndTransform(Convex): ConvexElem has invalid transform
[2024.03.28-04.33.34:719][  0]LogPhysics: Warning: ForeachShape(Convex): ScaledElem[1] invalid
[2024.03.28-04.33.34:719][  0]LogPhysics: Warning: PopulatePhysXGeometryAndTransform(Convex): ConvexElem has invalid transform
[2024.03.28-04.33.34:719][  0]LogPhysics: Warning: ForeachShape(Convex): ScaledElem[2] invalid
[2024.03.28-04.33.34:719][  0]LogPhysics: Warning: Scale for /Game/Maps/lvl1.lvl1:PersistentLevel.BP_Interaction_Door_2.StaticMesh has a component set to zero, which will result in a bad body instance. Scale:X=0.000 Y=1.000 Z=1.000
[2024.03.28-04.33.34:719][  0]LogPhysics: Warning: PopulatePhysXGeometryAndTransform(Convex): ConvexElem has invalid transform
[2024.03.28-04.33.34:719][  0]LogPhysics: Warning: ForeachShape(Convex): ScaledElem[0] invalid
[2024.03.28-04.33.34:719][  0]LogPhysics: Warning: PopulatePhysXGeometryAndTransform(Convex): ConvexElem has invalid transform
[2024.03.28-04.33.34:719][  0]LogPhysics: Warning: ForeachShape(Convex): ScaledElem[1] invalid
[2024.03.28-04.33.34:719][  0]LogPhysics: Warning: PopulatePhysXGeometryAndTransform(Convex): ConvexElem has invalid transform
[2024.03.28-04.33.34:719][  0]LogPhysics: Warning: ForeachShape(Convex): ScaledElem[2] invalid
[2024.03.28-04.33.34:719][  0]LogPhysics: Warning: Scale for /Game/Maps/lvl1.lvl1:PersistentLevel.BP_Interaction_Door_2.StaticMesh1 has a component set to zero, which will result in a bad body instance. Scale:X=0.000 Y=1.000 Z=1.000
[2024.03.28-04.33.34:719][  0]LogPhysics: Warning: Scale for /Game/Maps/lvl1.lvl1:PersistentLevel.BP_Interaction_Door_2.StaticMesh1 has a component set to zero, which will result in a bad body instance. Scale:X=0.000 Y=1.000 Z=1.000
[2024.03.28-04.33.34:719][  0]LogPhysics: Warning: Scale for /Game/Maps/lvl1.lvl1:PersistentLevel.BP_Interaction_Door2.StaticMesh has a component set to zero, which will result in a bad body instance. Scale:X=0.000 Y=1.000 Z=1.000
[2024.03.28-04.33.34:719][  0]LogPhysics: Warning: PopulatePhysXGeometryAndTransform(Convex): ConvexElem has invalid transform
[2024.03.28-04.33.34:719][  0]LogPhysics: Warning: ForeachShape(Convex): ScaledElem[0] invalid
[2024.03.28-04.33.34:719][  0]LogPhysics: Warning: PopulatePhysXGeometryAndTransform(Convex): ConvexElem has invalid transform
[2024.03.28-04.33.34:719][  0]LogPhysics: Warning: ForeachShape(Convex): ScaledElem[1] invalid
[2024.03.28-04.33.34:720][  0]LogPhysics: Warning: PopulatePhysXGeometryAndTransform(Convex): ConvexElem has invalid transform
[2024.03.28-04.33.34:720][  0]LogPhysics: Warning: ForeachShape(Convex): ScaledElem[2] invalid
[2024.03.28-04.33.34:720][  0]LogPhysics: Warning: Scale for /Game/Maps/lvl1.lvl1:PersistentLevel.BP_Interaction_Door2.StaticMesh1 has a component set to zero, which will result in a bad body instance. Scale:X=0.000 Y=1.000 Z=1.000
[2024.03.28-04.33.34:720][  0]LogPhysics: Warning: Scale for /Game/Maps/lvl1.lvl1:PersistentLevel.BP_Interaction_Door2.StaticMesh has a component set to zero, which will result in a bad body instance. Scale:X=0.000 Y=1.000 Z=1.000
[2024.03.28-04.33.34:720][  0]LogPhysics: Warning: PopulatePhysXGeometryAndTransform(Convex): ConvexElem has invalid transform
[2024.03.28-04.33.34:720][  0]LogPhysics: Warning: ForeachShape(Convex): ScaledElem[0] invalid
[2024.03.28-04.33.34:720][  0]LogPhysics: Warning: PopulatePhysXGeometryAndTransform(Convex): ConvexElem has invalid transform
[2024.03.28-04.33.34:720][  0]LogPhysics: Warning: ForeachShape(Convex): ScaledElem[1] invalid
[2024.03.28-04.33.34:720][  0]LogPhysics: Warning: PopulatePhysXGeometryAndTransform(Convex): ConvexElem has invalid transform
[2024.03.28-04.33.34:720][  0]LogPhysics: Warning: ForeachShape(Convex): ScaledElem[2] invalid
[2024.03.28-04.33.34:720][  0]LogPhysics: Warning: Scale for /Game/Maps/lvl1.lvl1:PersistentLevel.BP_Interaction_Door2.StaticMesh has a component set to zero, which will result in a bad body instance. Scale:X=0.000 Y=1.000 Z=1.000
[2024.03.28-04.33.34:720][  0]LogPhysics: Warning: PopulatePhysXGeometryAndTransform(Convex): ConvexElem has invalid transform
[2024.03.28-04.33.34:720][  0]LogPhysics: Warning: ForeachShape(Convex): ScaledElem[0] invalid
[2024.03.28-04.33.34:720][  0]LogPhysics: Warning: PopulatePhysXGeometryAndTransform(Convex): ConvexElem has invalid transform
[2024.03.28-04.33.34:720][  0]LogPhysics: Warning: ForeachShape(Convex): ScaledElem[1] invalid
[2024.03.28-04.33.34:720][  0]LogPhysics: Warning: PopulatePhysXGeometryAndTransform(Convex): ConvexElem has invalid transform
[2024.03.28-04.33.34:720][  0]LogPhysics: Warning: ForeachShape(Convex): ScaledElem[2] invalid
[2024.03.28-04.33.34:720][  0]LogPhysics: Warning: Scale for /Game/Maps/lvl1.lvl1:PersistentLevel.BP_Interaction_Door2.StaticMesh1 has a component set to zero, which will result in a bad body instance. Scale:X=0.000 Y=1.000 Z=1.000
[2024.03.28-04.33.34:720][  0]LogPhysics: Warning: Scale for /Game/Maps/lvl1.lvl1:PersistentLevel.BP_Interaction_Door2.StaticMesh1 has a component set to zero, which will result in a bad body instance. Scale:X=0.000 Y=1.000 Z=1.000
[2024.03.28-04.33.34:720][  0]LogPhysics: Warning: Scale for /Game/Maps/lvl1.lvl1:PersistentLevel.BP_Interaction_Door3.StaticMesh has a component set to zero, which will result in a bad body instance. Scale:X=0.000 Y=1.000 Z=1.000
[2024.03.28-04.33.34:720][  0]LogPhysics: Warning: PopulatePhysXGeometryAndTransform(Convex): ConvexElem has invalid transform
[2024.03.28-04.33.34:720][  0]LogPhysics: Warning: ForeachShape(Convex): ScaledElem[0] invalid
[2024.03.28-04.33.34:720][  0]LogPhysics: Warning: PopulatePhysXGeometryAndTransform(Convex): ConvexElem has invalid transform
[2024.03.28-04.33.34:720][  0]LogPhysics: Warning: ForeachShape(Convex): ScaledElem[1] invalid
[2024.03.28-04.33.34:720][  0]LogPhysics: Warning: PopulatePhysXGeometryAndTransform(Convex): ConvexElem has invalid transform
[2024.03.28-04.33.34:720][  0]LogPhysics: Warning: ForeachShape(Convex): ScaledElem[2] invalid
[2024.03.28-04.33.34:720][  0]LogPhysics: Warning: Scale for /Game/Maps/lvl1.lvl1:PersistentLevel.BP_Interaction_Door3.StaticMesh1 has a component set to zero, which will result in a bad body instance. Scale:X=0.000 Y=1.000 Z=1.000
[2024.03.28-04.33.34:720][  0]LogPhysics: Warning: Scale for /Game/Maps/lvl1.lvl1:PersistentLevel.BP_Interaction_Door3.StaticMesh has a component set to zero, which will result in a bad body instance. Scale:X=0.000 Y=1.000 Z=1.000
[2024.03.28-04.33.34:720][  0]LogPhysics: Warning: PopulatePhysXGeometryAndTransform(Convex): ConvexElem has invalid transform
[2024.03.28-04.33.34:720][  0]LogPhysics: Warning: ForeachShape(Convex): ScaledElem[0] invalid
[2024.03.28-04.33.34:720][  0]LogPhysics: Warning: PopulatePhysXGeometryAndTransform(Convex): ConvexElem has invalid transform
[2024.03.28-04.33.34:720][  0]LogPhysics: Warning: ForeachShape(Convex): ScaledElem[1] invalid
[2024.03.28-04.33.34:720][  0]LogPhysics: Warning: PopulatePhysXGeometryAndTransform(Convex): ConvexElem has invalid transform
[2024.03.28-04.33.34:720][  0]LogPhysics: Warning: ForeachShape(Convex): ScaledElem[2] invalid
[2024.03.28-04.33.34:721][  0]LogPhysics: Warning: Scale for /Game/Maps/lvl1.lvl1:PersistentLevel.BP_Interaction_Door3.StaticMesh has a component set to zero, which will result in a bad body instance. Scale:X=0.000 Y=1.000 Z=1.000
[2024.03.28-04.33.34:721][  0]LogPhysics: Warning: PopulatePhysXGeometryAndTransform(Convex): ConvexElem has invalid transform
[2024.03.28-04.33.34:721][  0]LogPhysics: Warning: ForeachShape(Convex): ScaledElem[0] invalid
[2024.03.28-04.33.34:721][  0]LogPhysics: Warning: PopulatePhysXGeometryAndTransform(Convex): ConvexElem has invalid transform
[2024.03.28-04.33.34:721][  0]LogPhysics: Warning: ForeachShape(Convex): ScaledElem[1] invalid
[2024.03.28-04.33.34:721][  0]LogPhysics: Warning: PopulatePhysXGeometryAndTransform(Convex): ConvexElem has invalid transform
[2024.03.28-04.33.34:721][  0]LogPhysics: Warning: ForeachShape(Convex): ScaledElem[2] invalid
[2024.03.28-04.33.34:721][  0]LogPhysics: Warning: Scale for /Game/Maps/lvl1.lvl1:PersistentLevel.BP_Interaction_Door3.StaticMesh1 has a component set to zero, which will result in a bad body instance. Scale:X=0.000 Y=1.000 Z=1.000
[2024.03.28-04.33.34:721][  0]LogPhysics: Warning: Scale for /Game/Maps/lvl1.lvl1:PersistentLevel.BP_Interaction_Door3.StaticMesh1 has a component set to zero, which will result in a bad body instance. Scale:X=0.000 Y=1.000 Z=1.000
[2024.03.28-04.33.34:723][  0]LogWorld: Bringing World /Game/Maps/lvl1.lvl1 up for play (max tick rate 0) at 2024.03.28-10.03.34
[2024.03.28-04.33.34:724][  0]LogWorld: Bringing up level for play took: 0.013424
[2024.03.28-04.33.34:724][  0]LogGameMode: FindPlayerStart: PATHS NOT DEFINED or NO PLAYERSTART with positive rating
[2024.03.28-04.33.34:731][  0]LogScript: Warning: Script Msg: Attempted to access index 0 from array 'InventorySlots' of length 0 in '/Game/Blueprints/BlueprintComponents/BPC_Inventory.BPC_Inventory_C'!
[2024.03.28-04.33.34:732][  0]LogScript: Warning: Script Msg: Attempted to access index 1 from array 'InventorySlots' of length 0 in '/Game/Blueprints/BlueprintComponents/BPC_Inventory.BPC_Inventory_C'!
[2024.03.28-04.33.34:732][  0]LogScript: Warning: Script Msg: Attempted to access index 2 from array 'InventorySlots' of length 0 in '/Game/Blueprints/BlueprintComponents/BPC_Inventory.BPC_Inventory_C'!
[2024.03.28-04.33.34:732][  0]LogScript: Warning: Script Msg: Attempted to access index 3 from array 'InventorySlots' of length 0 in '/Game/Blueprints/BlueprintComponents/BPC_Inventory.BPC_Inventory_C'!
[2024.03.28-04.33.34:732][  0]LogScript: Warning: Script Msg: Attempted to access index 4 from array 'InventorySlots' of length 0 in '/Game/Blueprints/BlueprintComponents/BPC_Inventory.BPC_Inventory_C'!
[2024.03.28-04.33.34:732][  0]LogScript: Warning: Script Msg: Attempted to access index 5 from array 'InventorySlots' of length 0 in '/Game/Blueprints/BlueprintComponents/BPC_Inventory.BPC_Inventory_C'!
[2024.03.28-04.33.34:732][  0]LogScript: Warning: Script Msg: Attempted to access index 6 from array 'InventorySlots' of length 0 in '/Game/Blueprints/BlueprintComponents/BPC_Inventory.BPC_Inventory_C'!
[2024.03.28-04.33.34:732][  0]LogScript: Warning: Script Msg: Attempted to access index 7 from array 'InventorySlots' of length 0 in '/Game/Blueprints/BlueprintComponents/BPC_Inventory.BPC_Inventory_C'!
[2024.03.28-04.33.34:732][  0]LogScript: Warning: Script Msg: Attempted to access index 0 from array 'CallFunc_GetAllActorsOfClass_OutActors' of length 0 in '/Game/Blueprints/BlueprintComponents/BPC_Inventory.BPC_Inventory_C:ExecuteUbergraph_BPC_Inventory'!
[2024.03.28-04.33.34:733][  0]LogLoad: Took 1.334165 seconds to LoadMap(/Game/Maps/lvl1)
[2024.03.28-04.33.34:742][  0]LogSlate: Took 0.000240 seconds to synchronously load lazily loaded font '../../../Engine/Content/Slate/Fonts/Roboto-Regular.ttf' (155K)
[2024.03.28-04.33.34:758][  0]LogRenderer: Reallocating scene render targets to support 1912x1048 Format 10 NumSamples 1 (Frame:1).
[2024.03.28-04.33.34:758][  0]LogLoad: (Engine Initialization) Total time: 5.53 seconds
[2024.03.28-04.33.34:758][  0]LogLoad: (Engine Initialization) Total Blueprint compile time: 0.00 seconds
[2024.03.28-04.33.34:826][  0]LogContentStreaming: Texture pool size now 1000 MB
[2024.03.28-04.33.34:854][  0]LogSlate: InvalidateAllWidgets triggered.  All widgets were invalidated
[2024.03.28-04.33.34:945][  1]LogSlate: Took 0.000369 seconds to synchronously load lazily loaded font '../../../Engine/Content/Slate/Fonts/Roboto-Regular.ttf' (155K)
[2024.03.28-04.33.41:819][133]LogWindowsDesktop: Alt-F4 pressed!
[2024.03.28-04.33.41:828][133]LogSlate: Window 'Horrorgame (64-bit Development PCD3D_SM5) ' being destroyed
[2024.03.28-04.33.41:828][133]LogWindowsTextInputMethodSystem: Display: IME system now deactivated.
[2024.03.28-04.33.41:832][133]LogWindowsTextInputMethodSystem: Display: IME system now deactivated.
[2024.03.28-04.33.41:833][133]LogSlate: Updating window title bar state: overlay mode, drag disabled, window buttons hidden, title bar hidden
[2024.03.28-04.33.41:833][133]LogEngine: All Windows Closed
[2024.03.28-04.33.41:833][133]LogWindows: FPlatformMisc::RequestExit(0)
[2024.03.28-04.33.41:833][133]LogCore: Engine exit requested (reason: Win RequestExit)
[2024.03.28-04.33.41:833][134]LogCore: Engine exit requested (reason: EngineExit() was called; note: exit was already requested)
[2024.03.28-04.33.41:836][134]LogAudioMixer: Display: Flush succeeded in the source manager command queue (1).
[2024.03.28-04.33.41:856][134]LogAudioMixer: Display: Flush succeeded the source manager command queue (2).
[2024.03.28-04.33.41:860][134]LogInit: Display: PreExit Game.
[2024.03.28-04.33.41:860][134]LogWorld: BeginTearingDown for /Game/Maps/lvl1
[2024.03.28-04.33.41:861][134]LogWorld: UWorld::CleanupWorld for lvl1, bSessionEnded=true, bCleanupResources=true
[2024.03.28-04.33.41:861][134]LogSlate: InvalidateAllWidgets triggered.  All widgets were invalidated
[2024.03.28-04.33.42:049][134]LogExit: Preparing to exit.
[2024.03.28-04.33.42:896][134]LogMoviePlayer: Shutting down movie player
[2024.03.28-04.33.43:084][134]LogSlate: Updating window title bar state: overlay mode, drag disabled, window buttons hidden, title bar hidden
[2024.03.28-04.33.43:100][134]LogDemo: Cleaned up 0 splitscreen connections with owner deletion
[2024.03.28-04.33.43:105][134]LogExit: Game engine shut down
[2024.03.28-04.33.43:167][134]LogExit: Object subsystem successfully closed.
[2024.03.28-04.33.43:191][134]LogShaderCompilers: Display: Shaders left to compile 0
[2024.03.28-04.33.43:198][134]LogModuleManager: Shutting down and abandoning module SequenceRecorderSections (428)
[2024.03.28-04.33.43:198][134]LogModuleManager: Shutting down and abandoning module SequenceRecorder (426)
[2024.03.28-04.33.43:198][134]LogModuleManager: Shutting down and abandoning module AutomationController (424)
[2024.03.28-04.33.43:198][134]LogModuleManager: Shutting down and abandoning module AutomationWorker (422)
[2024.03.28-04.33.43:198][134]LogModuleManager: Shutting down and abandoning module Voice (420)
[2024.03.28-04.33.43:198][134]LogModuleManager: Shutting down and abandoning module AIModule (418)
[2024.03.28-04.33.43:198][134]LogModuleManager: Shutting down and abandoning module GameplayDebugger (417)
[2024.03.28-04.33.43:198][134]LogModuleManager: Shutting down and abandoning module AITestSuite (415)
[2024.03.28-04.33.43:198][134]LogModuleManager: Shutting down and abandoning module NavigationSystem (413)
[2024.03.28-04.33.43:198][134]LogModuleManager: Shutting down and abandoning module OculusMR (410)
[2024.03.28-04.33.43:198][134]LogModuleManager: Shutting down and abandoning module WmfMediaFactory (408)
[2024.03.28-04.33.43:198][134]LogModuleManager: Shutting down and abandoning module WebMMediaFactory (406)
[2024.03.28-04.33.43:198][134]LogModuleManager: Shutting down and abandoning module WebMMedia (404)
[2024.03.28-04.33.43:198][134]LogModuleManager: Shutting down and abandoning module OpenExrWrapper (402)
[2024.03.28-04.33.43:198][134]LogModuleManager: Shutting down and abandoning module ImgMediaFactory (400)
[2024.03.28-04.33.43:198][134]LogModuleManager: Shutting down and abandoning module AvfMediaFactory (398)
[2024.03.28-04.33.43:198][134]LogModuleManager: Shutting down and abandoning module MagicLeapMediaCodecFactory (396)
[2024.03.28-04.33.43:198][134]LogModuleManager: Shutting down and abandoning module MagicLeapMediaFactory (394)
[2024.03.28-04.33.43:198][134]LogModuleManager: Shutting down and abandoning module CharacterAI (392)
[2024.03.28-04.33.43:198][134]LogModuleManager: Shutting down and abandoning module SessionServices (390)
[2024.03.28-04.33.43:198][134]LogModuleManager: Shutting down and abandoning module MovieSceneCapture (388)
[2024.03.28-04.33.43:198][134]LogModuleManager: Shutting down and abandoning module LiveCoding (386)
[2024.03.28-04.33.43:199][134]LogModuleManager: Shutting down and abandoning module LevelSequence (384)
[2024.03.28-04.33.43:199][134]LogModuleManager: Shutting down and abandoning module MovieSceneTracks (382)
[2024.03.28-04.33.43:199][134]LogModuleManager: Shutting down and abandoning module MovieScene (380)
[2024.03.28-04.33.43:199][134]LogModuleManager: Shutting down and abandoning module StreamingPauseRendering (378)
[2024.03.28-04.33.43:199][134]LogModuleManager: Shutting down and abandoning module PortalServices (376)
[2024.03.28-04.33.43:199][134]LogModuleManager: Shutting down and abandoning module PortalRpc (374)
[2024.03.28-04.33.43:199][134]LogModuleManager: Shutting down and abandoning module MessagingRpc (372)
[2024.03.28-04.33.43:199][134]LogModuleManager: Shutting down and abandoning module AudioMixerXAudio2 (370)
[2024.03.28-04.33.43:199][134]LogModuleManager: Shutting down and abandoning module ImageWriteQueue (368)
[2024.03.28-04.33.43:200][134]LogModuleManager: Shutting down and abandoning module ProfilerService (366)
[2024.03.28-04.33.43:270][134]LogModuleManager: Shutting down and abandoning module TaskGraph (364)
[2024.03.28-04.33.43:270][134]LogModuleManager: Shutting down and abandoning module ProceduralMeshComponent (362)
[2024.03.28-04.33.43:270][134]LogModuleManager: Shutting down and abandoning module OculusInput (360)
[2024.03.28-04.33.43:270][134]LogModuleManager: Shutting down and abandoning module MobilePatchingUtils (358)
[2024.03.28-04.33.43:270][134]LogModuleManager: Shutting down and abandoning module EditableMesh (356)
[2024.03.28-04.33.43:270][134]LogModuleManager: Shutting down and abandoning module CustomMeshComponent (354)
[2024.03.28-04.33.43:270][134]LogModuleManager: Shutting down and abandoning module CableComponent (352)
[2024.03.28-04.33.43:270][134]LogModuleManager: Shutting down and abandoning module AudioCapture (350)
[2024.03.28-04.33.43:270][134]LogModuleManager: Shutting down and abandoning module AudioCaptureRtAudio (349)
[2024.03.28-04.33.43:270][134]LogModuleManager: Shutting down and abandoning module AssetTags (346)
[2024.03.28-04.33.43:270][134]LogModuleManager: Shutting down and abandoning module ArchVisCharacter (344)
[2024.03.28-04.33.43:270][134]LogModuleManager: Shutting down and abandoning module AppleImageUtilsBlueprintSupport (342)
[2024.03.28-04.33.43:270][134]LogModuleManager: Shutting down and abandoning module AppleImageUtils (340)
[2024.03.28-04.33.43:270][134]LogModuleManager: Shutting down and abandoning module AndroidPermission (338)
[2024.03.28-04.33.43:270][134]LogModuleManager: Shutting down and abandoning module NUTUnrealEngine4 (336)
[2024.03.28-04.33.43:270][134]LogModuleManager: Shutting down and abandoning module NetcodeUnitTest (334)
[2024.03.28-04.33.43:270][134]LogModuleManager: Shutting down and abandoning module MediaCompositing (332)
[2024.03.28-04.33.43:270][134]LogModuleManager: Shutting down and abandoning module ImgMedia (330)
[2024.03.28-04.33.43:270][134]LogModuleManager: Shutting down and abandoning module MagicLeapHelperVulkan (328)
[2024.03.28-04.33.43:270][134]LogModuleManager: Shutting down and abandoning module MagicLeapHelperOpenGL (326)
[2024.03.28-04.33.43:270][134]LogModuleManager: Shutting down and abandoning module MagicLeapAudio (324)
[2024.03.28-04.33.43:270][134]LogModuleManager: Shutting down and abandoning module GeometryCacheTracks (322)
[2024.03.28-04.33.43:271][134]LogModuleManager: Shutting down and abandoning module GeometryCacheSequencer (321)
[2024.03.28-04.33.43:271][134]LogModuleManager: Shutting down and abandoning module GeometryCache (318)
[2024.03.28-04.33.43:271][134]LogModuleManager: Shutting down and abandoning module GeometryCacheEd (317)
[2024.03.28-04.33.43:271][134]LogModuleManager: Shutting down and abandoning module BackChannel (314)
[2024.03.28-04.33.43:271][134]LogModuleManager: Shutting down and abandoning module AutomationUtils (312)
[2024.03.28-04.33.43:271][134]LogModuleManager: Shutting down and abandoning module VisualStudioSourceCodeAccess (310)
[2024.03.28-04.33.43:271][134]LogModuleManager: Shutting down and abandoning module HotReload (309)
[2024.03.28-04.33.43:271][134]LogModuleManager: Shutting down and abandoning module DirectoryWatcher (308)
[2024.03.28-04.33.43:271][134]LogModuleManager: Shutting down and abandoning module VisualStudioCodeSourceCodeAccess (304)
[2024.03.28-04.33.43:271][134]LogModuleManager: Shutting down and abandoning module UObjectPlugin (302)
[2024.03.28-04.33.43:271][134]LogModuleManager: Shutting down and abandoning module SubversionSourceControl (300)
[2024.03.28-04.33.43:271][134]LogModuleManager: Shutting down and abandoning module PerforceSourceControl (298)
[2024.03.28-04.33.43:271][134]LogModuleManager: Shutting down and abandoning module SourceControl (297)
[2024.03.28-04.33.43:271][134]LogModuleManager: Shutting down and abandoning module CLionSourceCodeAccess (294)
[2024.03.28-04.33.43:271][134]LogModuleManager: Shutting down and abandoning module ActorLayerUtilities (292)
[2024.03.28-04.33.43:271][134]LogModuleManager: Shutting down and abandoning module SignificanceManager (290)
[2024.03.28-04.33.43:271][134]LogModuleManager: Shutting down and abandoning module RuntimePhysXCooking (288)
[2024.03.28-04.33.43:271][134]LogModuleManager: Shutting down and abandoning module PhysXVehiclesEditor (286)
[2024.03.28-04.33.43:271][134]LogModuleManager: Shutting down and abandoning module LocationServicesBPLibrary (282)
[2024.03.28-04.33.43:271][134]LogModuleManager: Shutting down and abandoning module ActorSequence (280)
[2024.03.28-04.33.43:271][134]LogModuleManager: Shutting down and abandoning module UdpMessaging (278)
[2024.03.28-04.33.43:372][134]LogModuleManager: Shutting down and abandoning module TcpMessaging (276)
[2024.03.28-04.33.43:895][134]LogModuleManager: Shutting down and abandoning module MagicLeapPrivileges (274)
[2024.03.28-04.33.43:895][134]LogModuleManager: Shutting down and abandoning module MagicLeapPlanes (272)
[2024.03.28-04.33.43:895][134]LogMagicLeapPlanes: Planes tracker already destroyed.
[2024.03.28-04.33.43:895][134]LogModuleManager: Shutting down and abandoning module MagicLeapIdentity (270)
[2024.03.28-04.33.43:895][134]LogModuleManager: Shutting down and abandoning module MagicLeapSecureStorage (268)
[2024.03.28-04.33.43:895][134]LogModuleManager: Shutting down and abandoning module MagicLeapImageTracker (266)
[2024.03.28-04.33.43:895][134]LogModuleManager: Shutting down and abandoning module MagicLeapHandTracking (264)
[2024.03.28-04.33.43:895][134]LogModuleManager: Shutting down and abandoning module MagicLeapHandMeshing (262)
[2024.03.28-04.33.43:895][134]LogModuleManager: Shutting down and abandoning module MagicLeapEyeTracker (260)
[2024.03.28-04.33.43:895][134]LogModuleManager: Shutting down and abandoning module MagicLeapController (258)
[2024.03.28-04.33.43:895][134]LogSlate: Slate User Destroyed.  User Index 0, Is Virtual User: 0
[2024.03.28-04.33.43:895][134]LogModuleManager: Shutting down and abandoning module MagicLeapARPin (256)
[2024.03.28-04.33.43:896][134]LogModuleManager: Shutting down and abandoning module MagicLeapAR (254)
[2024.03.28-04.33.43:896][134]LogModuleManager: Shutting down and abandoning module AugmentedReality (253)
[2024.03.28-04.33.43:896][134]LogModuleManager: Shutting down and abandoning module GameplayTagsEditor (250)
[2024.03.28-04.33.43:896][134]LogModuleManager: Shutting down and abandoning module FacialAnimation (248)
[2024.03.28-04.33.43:896][134]LogModuleManager: Shutting down and abandoning module AssetManagerEditor (246)
[2024.03.28-04.33.43:896][134]LogModuleManager: Shutting down and abandoning module TreeMap (245)
[2024.03.28-04.33.43:896][134]LogModuleManager: Shutting down and abandoning module AnimationSharing (242)
[2024.03.28-04.33.43:896][134]LogModuleManager: Shutting down and abandoning module LightPropagationVolumeRuntime (240)
[2024.03.28-04.33.43:896][134]LogModuleManager: Shutting down and abandoning module Paper2D (238)
[2024.03.28-04.33.43:896][134]LogModuleManager: Shutting down and abandoning module WindowsMoviePlayer (236)
[2024.03.28-04.33.43:897][134]LogModuleManager: Shutting down and abandoning module WebMMoviePlayer (234)
[2024.03.28-04.33.43:897][134]LogModuleManager: Shutting down and abandoning module NetworkReplayStreaming (232)
[2024.03.28-04.33.43:897][134]LogModuleManager: Shutting down and abandoning module PacketHandler (230)
[2024.03.28-04.33.43:897][134]LogModuleManager: Shutting down and abandoning module ClothingSystemEditor (228)
[2024.03.28-04.33.43:897][134]LogModuleManager: Shutting down and abandoning module ClothingSystemRuntimeNv (226)
[2024.03.28-04.33.43:897][134]LogModuleManager: Shutting down and abandoning module MediaAssets (224)
[2024.03.28-04.33.43:897][134]LogModuleManager: Shutting down and abandoning module Overlay (222)
[2024.03.28-04.33.43:897][134]LogModuleManager: Shutting down and abandoning module OverlayEditor (221)
[2024.03.28-04.33.43:897][134]LogModuleManager: Shutting down and abandoning module VREditor (218)
[2024.03.28-04.33.43:897][134]LogModuleManager: Shutting down and abandoning module StringTableEditor (216)
[2024.03.28-04.33.43:897][134]LogModuleManager: Shutting down and abandoning module GameplayTasksEditor (214)
[2024.03.28-04.33.43:897][134]LogModuleManager: Shutting down and abandoning module BehaviorTreeEditor (212)
[2024.03.28-04.33.43:897][134]LogModuleManager: Shutting down and abandoning module FunctionalTesting (210)
[2024.03.28-04.33.43:897][134]LogModuleManager: Shutting down and abandoning module CollisionAnalyzer (208)
[2024.03.28-04.33.43:897][134]LogModuleManager: Shutting down and abandoning module WorkspaceMenuStructure (207)
[2024.03.28-04.33.43:897][134]LogModuleManager: Shutting down and abandoning module UMG (204)
[2024.03.28-04.33.43:897][134]LogModuleManager: Shutting down and abandoning module UMGEditor (203)
[2024.03.28-04.33.43:897][134]LogModuleManager: Shutting down and abandoning module Sequencer (202)
[2024.03.28-04.33.43:897][134]LogModuleManager: Shutting down and abandoning module MessageLog (199)
[2024.03.28-04.33.43:897][134]LogModuleManager: Shutting down and abandoning module SlateReflector (194)
[2024.03.28-04.33.43:897][134]LogModuleManager: Shutting down and abandoning module Slate (192)
[2024.03.28-04.33.43:897][134]LogModuleManager: Shutting down and abandoning module SlateCore (190)
[2024.03.28-04.33.43:897][134]LogModuleManager: Shutting down and abandoning module LandscapeEditorUtilities (188)
[2024.03.28-04.33.43:897][134]LogModuleManager: Shutting down and abandoning module EditorStyle (186)
[2024.03.28-04.33.43:898][134]LogModuleManager: Shutting down and abandoning module UnrealEd (184)
[2024.03.28-04.33.43:898][134]LogModuleManager: Shutting down and abandoning module MRMesh (182)
[2024.03.28-04.33.43:898][134]LogModuleManager: Shutting down and abandoning module Messaging (180)
[2024.03.28-04.33.43:898][134]LogModuleManager: Shutting down and abandoning module SourceCodeAccess (178)
[2024.03.28-04.33.43:898][134]LogModuleManager: Shutting down and abandoning module HeadMountedDisplay (176)
[2024.03.28-04.33.43:898][134]LogModuleManager: Shutting down and abandoning module XAudio2 (174)
[2024.03.28-04.33.43:898][134]LogModuleManager: Shutting down and abandoning module Networking (172)
[2024.03.28-04.33.43:898][134]LogModuleManager: Shutting down and abandoning module Core (170)
[2024.03.28-04.33.43:898][134]LogModuleManager: Shutting down and abandoning module MovieSceneTools (168)
[2024.03.28-04.33.43:898][134]LogModuleManager: Shutting down and abandoning module KismetCompiler (166)
[2024.03.28-04.33.43:898][134]LogModuleManager: Shutting down and abandoning module MeshUtilities (164)
[2024.03.28-04.33.43:898][134]LogModuleManager: Shutting down and abandoning module MeshMergeUtilities (163)
[2024.03.28-04.33.43:898][134]LogModuleManager: Shutting down and abandoning module MeshReductionInterface (162)
[2024.03.28-04.33.43:898][134]LogModuleManager: Shutting down and abandoning module MeshBoneReduction (161)
[2024.03.28-04.33.43:898][134]LogModuleManager: Shutting down and abandoning module SkeletalMeshReduction (159)
[2024.03.28-04.33.43:898][134]LogModuleManager: Shutting down and abandoning module ProxyLODMeshReduction (157)
[2024.03.28-04.33.43:898][134]LogModuleManager: Shutting down and abandoning module QuadricMeshReduction (155)
[2024.03.28-04.33.43:898][134]LogModuleManager: Shutting down and abandoning module MaterialBaking (151)
[2024.03.28-04.33.43:898][134]LogModuleManager: Shutting down and abandoning module NullInstallBundleManager (146)
[2024.03.28-04.33.43:898][134]LogModuleManager: Shutting down and abandoning module PIEPreviewDeviceProfileSelector (144)
[2024.03.28-04.33.43:898][134]LogModuleManager: Shutting down and abandoning module DerivedDataCache (142)
[2024.03.28-04.33.43:898][134]LogDerivedDataCache: Shutdown
[2024.03.28-04.33.43:898][134]LogModuleManager: Shutting down and abandoning module XGEController (140)
[2024.03.28-04.33.43:898][134]LogModuleManager: Shutting down and abandoning module TargetPlatform (138)
[2024.03.28-04.33.43:898][134]LogModuleManager: Shutting down and abandoning module VulkanShaderFormat (137)
[2024.03.28-04.33.43:898][134]LogModuleManager: Shutting down and abandoning module ShaderFormatVectorVM (135)
[2024.03.28-04.33.43:898][134]LogModuleManager: Shutting down and abandoning module ShaderFormatOpenGL (133)
[2024.03.28-04.33.43:898][134]LogModuleManager: Shutting down and abandoning module ShaderFormatD3D (131)
[2024.03.28-04.33.43:898][134]LogModuleManager: Shutting down and abandoning module MetalShaderFormat (129)
[2024.03.28-04.33.43:898][134]LogModuleManager: Shutting down and abandoning module TextureFormatUncompressed (127)
[2024.03.28-04.33.43:898][134]LogModuleManager: Shutting down and abandoning module TextureFormatPVR (125)
[2024.03.28-04.33.43:898][134]LogModuleManager: Shutting down and abandoning module TextureFormatDXT (123)
[2024.03.28-04.33.43:898][134]LogModuleManager: Shutting down and abandoning module TextureFormatIntelISPCTexComp (121)
[2024.03.28-04.33.43:898][134]LogModuleManager: Shutting down and abandoning module TextureFormatASTC (119)
[2024.03.28-04.33.43:898][134]LogModuleManager: Shutting down and abandoning module ImageWrapper (118)
[2024.03.28-04.33.43:898][134]LogModuleManager: Shutting down and abandoning module TextureFormatAndroid (115)
[2024.03.28-04.33.43:898][134]LogModuleManager: Shutting down and abandoning module AudioFormatOpus (113)
[2024.03.28-04.33.43:898][134]LogModuleManager: Shutting down and abandoning module AudioFormatOgg (111)
[2024.03.28-04.33.43:898][134]LogModuleManager: Shutting down and abandoning module AudioFormatADPCM (109)
[2024.03.28-04.33.43:898][134]LogModuleManager: Shutting down and abandoning module WindowsServerTargetPlatform (107)
[2024.03.28-04.33.43:898][134]LogModuleManager: Shutting down and abandoning module WindowsClientTargetPlatform (105)
[2024.03.28-04.33.43:898][134]LogModuleManager: Shutting down and abandoning module WindowsTargetPlatform (103)
[2024.03.28-04.33.43:898][134]LogModuleManager: Shutting down and abandoning module WindowsNoEditorTargetPlatform (101)
[2024.03.28-04.33.43:898][134]LogModuleManager: Shutting down and abandoning module InputCore (98)
[2024.03.28-04.33.43:899][134]LogModuleManager: Shutting down and abandoning module Settings (96)
[2024.03.28-04.33.43:899][134]LogModuleManager: Shutting down and abandoning module PhysXCooking (94)
[2024.03.28-04.33.43:899][134]LogModuleManager: Shutting down and abandoning module ChaosSolvers (92)
[2024.03.28-04.33.43:899][134]LogModuleManager: Shutting down and abandoning module FieldSystemEngine (91)
[2024.03.28-04.33.43:899][134]LogModuleManager: Shutting down and abandoning module Chaos (88)
[2024.03.28-04.33.43:899][134]LogModuleManager: Shutting down and abandoning module WindowsPlatformFeatures (86)
[2024.03.28-04.33.43:899][134]LogModuleManager: Shutting down and abandoning module GameplayMediaEncoder (85)
[2024.03.28-04.33.43:899][134]LogModuleManager: Shutting down and abandoning module OculusHMD (82)
[2024.03.28-04.33.43:899][134]LogModuleManager: Shutting down and abandoning module ExampleDeviceProfileSelector (80)
[2024.03.28-04.33.43:899][134]LogModuleManager: Shutting down and abandoning module LauncherChunkInstaller (78)
[2024.03.28-04.33.43:899][134]LogModuleManager: Shutting down and abandoning module OnlineBlueprintSupport (76)
[2024.03.28-04.33.43:899][134]LogModuleManager: Shutting down and abandoning module OnlineSubsystem (72)
[2024.03.28-04.33.43:899][134]LogModuleManager: Shutting down and abandoning module XMPP (67)
[2024.03.28-04.33.43:899][134]LogModuleManager: Shutting down and abandoning module WebSockets (66)
[2024.03.28-04.33.43:928][134]LogModuleManager: Shutting down and abandoning module HTTP (63)
[2024.03.28-04.33.43:960][134]LogModuleManager: Shutting down and abandoning module SSL (62)
[2024.03.28-04.33.43:961][134]LogModuleManager: Shutting down and abandoning module WmfMedia (58)
[2024.03.28-04.33.43:962][134]LogModuleManager: Shutting down and abandoning module Media (57)
[2024.03.28-04.33.43:962][134]LogModuleManager: Shutting down and abandoning module MagicLeap (54)
[2024.03.28-04.33.43:962][134]LogModuleManager: Shutting down and abandoning module VariantManagerContent (52)
[2024.03.28-04.33.43:962][134]LogModuleManager: Shutting down and abandoning module DatasmithContent (50)
[2024.03.28-04.33.43:962][134]LogModuleManager: Shutting down and abandoning module AISupportModule (48)
[2024.03.28-04.33.43:962][134]LogModuleManager: Shutting down and abandoning module DesktopPlatform (46)
[2024.03.28-04.33.43:962][134]LogModuleManager: Shutting down and abandoning module PlatformCryptoOpenSSL (44)
[2024.03.28-04.33.43:962][134]LogModuleManager: Shutting down and abandoning module PlatformCryptoTypes (42)
[2024.03.28-04.33.43:962][134]LogModuleManager: Shutting down and abandoning module PlatformCrypto (40)
[2024.03.28-04.33.43:962][134]LogModuleManager: Shutting down and abandoning module AnimationModifiers (38)
[2024.03.28-04.33.43:962][134]LogModuleManager: Shutting down and abandoning module PropertyEditor (37)
[2024.03.28-04.33.43:962][134]LogModuleManager: Shutting down and abandoning module AudioEditor (34)
[2024.03.28-04.33.43:962][134]LogModuleManager: Shutting down and abandoning module TextureCompressor (32)
[2024.03.28-04.33.43:962][134]LogModuleManager: Shutting down and abandoning module RenderCore (30)
[2024.03.28-04.33.43:962][134]LogModuleManager: Shutting down and abandoning module Landscape (28)
[2024.03.28-04.33.43:962][134]LogModuleManager: Shutting down and abandoning module SlateRHIRenderer (26)
[2024.03.28-04.33.43:963][134]LogModuleManager: Shutting down and abandoning module OpenGLDrv (24)
[2024.03.28-04.33.43:963][134]LogModuleManager: Shutting down and abandoning module D3D11RHI (22)
[2024.03.28-04.33.43:963][134]LogModuleManager: Shutting down and abandoning module AnimGraphRuntime (20)
[2024.03.28-04.33.43:963][134]LogModuleManager: Shutting down and abandoning module Renderer (18)
[2024.03.28-04.33.43:963][134]LogModuleManager: Shutting down and abandoning module Engine (16)
[2024.03.28-04.33.43:963][134]LogModuleManager: Shutting down and abandoning module CoreUObject (14)
[2024.03.28-04.33.43:963][134]LogModuleManager: Shutting down and abandoning module NetworkFile (12)
[2024.03.28-04.33.43:963][134]LogModuleManager: Shutting down and abandoning module CookedIterativeFile (10)
[2024.03.28-04.33.43:963][134]LogModuleManager: Shutting down and abandoning module StreamingFile (8)
[2024.03.28-04.33.43:963][134]LogModuleManager: Shutting down and abandoning module SandboxFile (6)
[2024.03.28-04.33.43:963][134]LogModuleManager: Shutting down and abandoning module PakFile (4)
[2024.03.28-04.33.43:963][134]LogModuleManager: Shutting down and abandoning module RSA (3)
[2024.03.28-04.33.43:964][134]LogD3D11RHI: Shutdown
[2024.03.28-04.33.43:964][134]LogD3D11RHI: CleanupD3DDevice
[2024.03.28-04.33.43:973][134]LogExit: Exiting.
[2024.03.28-04.33.43:979][134]Log file closed, 03/28/24 10:03:43
